[debug] > Exec(update, None, None)
[debug] Evaluating tasks: update
[debug] Running task... Cancel: Signal, check cycles: false, forcegc: true
[info] downloading https://repo1.maven.org/maven2/org/scala-lang/scala-reflect/2.11.12/scala-reflect-2.11.12.pom
[info] downloading https://repo1.maven.org/maven2/com/github/luben/zstd-jni/1.5.5-1/zstd-jni-1.5.5-1.pom
[info] downloading https://repo1.maven.org/maven2/org/apache/commons/commons-lang3/3.8.1/commons-lang3-3.8.1.pom
[info] downloading https://repo1.maven.org/maven2/org/xerial/snappy/snappy-java/1.1.10.1/snappy-java-1.1.10.1.pom
[info] downloaded https://repo1.maven.org/maven2/org/scala-lang/scala-reflect/2.11.12/scala-reflect-2.11.12.pom
[info] downloaded https://repo1.maven.org/maven2/org/apache/commons/commons-lang3/3.8.1/commons-lang3-3.8.1.pom
[info] downloaded https://repo1.maven.org/maven2/com/github/luben/zstd-jni/1.5.5-1/zstd-jni-1.5.5-1.pom
[info] downloaded https://repo1.maven.org/maven2/org/xerial/snappy/snappy-java/1.1.10.1/snappy-java-1.1.10.1.pom
[info] downloading https://repo1.maven.org/maven2/com/fasterxml/jackson/core/jackson-core/2.13.2/jackson-core-2.13.2.pom
[info] downloading https://repo1.maven.org/maven2/com/fasterxml/jackson/core/jackson-databind/2.12.7/jackson-databind-2.12.7.pom
[info] downloaded https://repo1.maven.org/maven2/com/fasterxml/jackson/core/jackson-core/2.13.2/jackson-core-2.13.2.pom
[info] downloaded https://repo1.maven.org/maven2/com/fasterxml/jackson/core/jackson-databind/2.12.7/jackson-databind-2.12.7.pom
[info] downloading https://repo1.maven.org/maven2/com/fasterxml/jackson/jackson-base/2.13.2/jackson-base-2.13.2.pom
[info] downloaded https://repo1.maven.org/maven2/com/fasterxml/jackson/jackson-base/2.13.2/jackson-base-2.13.2.pom
[info] downloading https://repo1.maven.org/maven2/com/fasterxml/jackson/jackson-base/2.12.7/jackson-base-2.12.7.pom
[info] downloaded https://repo1.maven.org/maven2/com/fasterxml/jackson/jackson-base/2.12.7/jackson-base-2.12.7.pom
[info] downloading https://repo1.maven.org/maven2/com/fasterxml/jackson/jackson-bom/2.13.2/jackson-bom-2.13.2.pom
[info] downloaded https://repo1.maven.org/maven2/com/fasterxml/jackson/jackson-bom/2.13.2/jackson-bom-2.13.2.pom
[info] downloading https://repo1.maven.org/maven2/com/fasterxml/jackson/core/jackson-annotations/2.12.7/jackson-annotations-2.12.7.pom
[info] downloaded https://repo1.maven.org/maven2/com/fasterxml/jackson/core/jackson-annotations/2.12.7/jackson-annotations-2.12.7.pom
[info] downloading https://repo1.maven.org/maven2/jakarta/annotation/jakarta.annotation-api/1.3.4/jakarta.annotation-api-1.3.4.pom
[info] downloaded https://repo1.maven.org/maven2/jakarta/annotation/jakarta.annotation-api/1.3.4/jakarta.annotation-api-1.3.4.pom
[info] downloading https://repo1.maven.org/maven2/org/eclipse/ee4j/project/1.0.4/project-1.0.4.pom
[info] downloaded https://repo1.maven.org/maven2/org/eclipse/ee4j/project/1.0.4/project-1.0.4.pom
[info] downloading https://repo1.maven.org/maven2/org/xerial/snappy/snappy-java/1.1.10.1/snappy-java-1.1.10.1.jar
[info] downloading https://repo1.maven.org/maven2/com/fasterxml/jackson/core/jackson-databind/2.12.7/jackson-databind-2.12.7.jar
[info] downloading https://repo1.maven.org/maven2/com/fasterxml/jackson/core/jackson-annotations/2.12.7/jackson-annotations-2.12.7.jar
[info] downloading https://repo1.maven.org/maven2/jakarta/annotation/jakarta.annotation-api/1.3.4/jakarta.annotation-api-1.3.4.jar
[info] downloading https://repo1.maven.org/maven2/com/fasterxml/jackson/core/jackson-core/2.13.2/jackson-core-2.13.2.jar
[info] downloading https://repo1.maven.org/maven2/com/github/luben/zstd-jni/1.5.5-1/zstd-jni-1.5.5-1.jar
[info] downloaded https://repo1.maven.org/maven2/com/fasterxml/jackson/core/jackson-annotations/2.12.7/jackson-annotations-2.12.7.jar
[info] downloaded https://repo1.maven.org/maven2/jakarta/annotation/jakarta.annotation-api/1.3.4/jakarta.annotation-api-1.3.4.jar
[info] downloaded https://repo1.maven.org/maven2/org/xerial/snappy/snappy-java/1.1.10.1/snappy-java-1.1.10.1.jar
[info] downloaded https://repo1.maven.org/maven2/com/fasterxml/jackson/core/jackson-core/2.13.2/jackson-core-2.13.2.jar
[info] downloaded https://repo1.maven.org/maven2/com/fasterxml/jackson/core/jackson-databind/2.12.7/jackson-databind-2.12.7.jar
[info] downloaded https://repo1.maven.org/maven2/com/github/luben/zstd-jni/1.5.5-1/zstd-jni-1.5.5-1.jar
[success] Total time: 4 s, completed Jan 2, 2025 2:03:51 PM
[debug] > Exec(idea-shell, None, None)
