[debug] > Exec(update, None, None)
[debug] Evaluating tasks: update
[debug] Running task... Cancel: Signal, check cycles: false, forcegc: true
[info] downloading https://repo1.maven.org/maven2/org/geotools/gt-referencing/28.0/gt-referencing-28.0.pom
[info] downloading https://repo1.maven.org/maven2/org/geotools/gt-geojson/28.0/gt-geojson-28.0.pom
[info] downloading https://repo1.maven.org/maven2/org/geotools/gt-shapefile/28.0/gt-shapefile-28.0.pom
[info] downloaded https://repo1.maven.org/maven2/org/geotools/gt-referencing/28.0/gt-referencing-28.0.pom
[info] downloaded https://repo1.maven.org/maven2/org/geotools/gt-geojson/28.0/gt-geojson-28.0.pom
[info] downloaded https://repo1.maven.org/maven2/org/geotools/gt-shapefile/28.0/gt-shapefile-28.0.pom
[info] downloading https://repo1.maven.org/maven2/org/geotools/gt-referencing/28.0/gt-referencing-28.0.pom.sha1
[info] downloading https://repo1.maven.org/maven2/org/geotools/gt-geojson/28.0/gt-geojson-28.0.pom.sha1
[info] downloading https://repo1.maven.org/maven2/org/geotools/gt-shapefile/28.0/gt-shapefile-28.0.pom.sha1
[info] downloaded https://repo1.maven.org/maven2/org/geotools/gt-referencing/28.0/gt-referencing-28.0.pom.sha1
[info] downloading https://repo.osgeo.org/repository/release/org/geotools/gt-referencing/28.0/gt-referencing-28.0.pom
[info] downloaded https://repo1.maven.org/maven2/org/geotools/gt-geojson/28.0/gt-geojson-28.0.pom.sha1
[info] downloaded https://repo1.maven.org/maven2/org/geotools/gt-shapefile/28.0/gt-shapefile-28.0.pom.sha1
[info] downloading https://repo.osgeo.org/repository/release/org/geotools/gt-geojson/28.0/gt-geojson-28.0.pom
[info] downloading https://repo.osgeo.org/repository/release/org/geotools/gt-shapefile/28.0/gt-shapefile-28.0.pom
[info] downloaded https://repo.osgeo.org/repository/release/org/geotools/gt-shapefile/28.0/gt-shapefile-28.0.pom
[info] downloaded https://repo.osgeo.org/repository/release/org/geotools/gt-referencing/28.0/gt-referencing-28.0.pom
[info] downloading https://repo.osgeo.org/repository/release/org/geotools/gt-shapefile/28.0/gt-shapefile-28.0.pom.sha1
[info] downloading https://repo.osgeo.org/repository/release/org/geotools/gt-referencing/28.0/gt-referencing-28.0.pom.sha1
[info] downloaded https://repo.osgeo.org/repository/release/org/geotools/gt-geojson/28.0/gt-geojson-28.0.pom
[info] downloading https://repo.osgeo.org/repository/release/org/geotools/gt-geojson/28.0/gt-geojson-28.0.pom.sha1
[info] downloaded https://repo.osgeo.org/repository/release/org/geotools/gt-shapefile/28.0/gt-shapefile-28.0.pom.sha1
[info] downloaded https://repo.osgeo.org/repository/release/org/geotools/gt-geojson/28.0/gt-geojson-28.0.pom.sha1
[info] downloaded https://repo.osgeo.org/repository/release/org/geotools/gt-referencing/28.0/gt-referencing-28.0.pom.sha1
[info] downloading https://repo1.maven.org/maven2/org/geotools/unsupported/28.0/unsupported-28.0.pom
[info] downloading https://repo1.maven.org/maven2/org/geotools/plugin/28.0/plugin-28.0.pom
[info] downloading https://repo1.maven.org/maven2/org/geotools/library/28.0/library-28.0.pom
[info] downloaded https://repo1.maven.org/maven2/org/geotools/library/28.0/library-28.0.pom
[info] downloaded https://repo1.maven.org/maven2/org/geotools/plugin/28.0/plugin-28.0.pom
[info] downloaded https://repo1.maven.org/maven2/org/geotools/unsupported/28.0/unsupported-28.0.pom
[info] downloading https://repo1.maven.org/maven2/org/geotools/library/28.0/library-28.0.pom.sha1
[info] downloading https://repo1.maven.org/maven2/org/geotools/unsupported/28.0/unsupported-28.0.pom.sha1
[info] downloading https://repo1.maven.org/maven2/org/geotools/plugin/28.0/plugin-28.0.pom.sha1
[info] downloaded https://repo1.maven.org/maven2/org/geotools/unsupported/28.0/unsupported-28.0.pom.sha1
[info] downloaded https://repo1.maven.org/maven2/org/geotools/library/28.0/library-28.0.pom.sha1
[info] downloaded https://repo1.maven.org/maven2/org/geotools/plugin/28.0/plugin-28.0.pom.sha1
[info] downloading https://repo.osgeo.org/repository/release/org/geotools/unsupported/28.0/unsupported-28.0.pom
[info] downloading https://repo.osgeo.org/repository/release/org/geotools/plugin/28.0/plugin-28.0.pom
[info] downloading https://repo.osgeo.org/repository/release/org/geotools/library/28.0/library-28.0.pom
[info] downloaded https://repo.osgeo.org/repository/release/org/geotools/plugin/28.0/plugin-28.0.pom
[info] downloading https://repo.osgeo.org/repository/release/org/geotools/plugin/28.0/plugin-28.0.pom.sha1
[info] downloaded https://repo.osgeo.org/repository/release/org/geotools/unsupported/28.0/unsupported-28.0.pom
[info] downloading https://repo.osgeo.org/repository/release/org/geotools/unsupported/28.0/unsupported-28.0.pom.sha1
[info] downloaded https://repo.osgeo.org/repository/release/org/geotools/library/28.0/library-28.0.pom
[info] downloading https://repo.osgeo.org/repository/release/org/geotools/library/28.0/library-28.0.pom.sha1
[info] downloaded https://repo.osgeo.org/repository/release/org/geotools/plugin/28.0/plugin-28.0.pom.sha1
[info] downloaded https://repo.osgeo.org/repository/release/org/geotools/library/28.0/library-28.0.pom.sha1
[info] downloaded https://repo.osgeo.org/repository/release/org/geotools/unsupported/28.0/unsupported-28.0.pom.sha1
[info] downloading https://repo1.maven.org/maven2/org/geotools/modules/28.0/modules-28.0.pom
[info] downloaded https://repo1.maven.org/maven2/org/geotools/modules/28.0/modules-28.0.pom
[info] downloading https://repo1.maven.org/maven2/org/geotools/modules/28.0/modules-28.0.pom.sha1
[info] downloaded https://repo1.maven.org/maven2/org/geotools/modules/28.0/modules-28.0.pom.sha1
[info] downloading https://repo.osgeo.org/repository/release/org/geotools/modules/28.0/modules-28.0.pom
[info] downloaded https://repo.osgeo.org/repository/release/org/geotools/modules/28.0/modules-28.0.pom
[info] downloading https://repo.osgeo.org/repository/release/org/geotools/modules/28.0/modules-28.0.pom.sha1
[info] downloaded https://repo.osgeo.org/repository/release/org/geotools/modules/28.0/modules-28.0.pom.sha1
[info] downloading https://repo1.maven.org/maven2/org/geotools/geotools/28.0/geotools-28.0.pom
[info] downloaded https://repo1.maven.org/maven2/org/geotools/geotools/28.0/geotools-28.0.pom
[info] downloading https://repo1.maven.org/maven2/org/geotools/geotools/28.0/geotools-28.0.pom.sha1
[info] downloaded https://repo1.maven.org/maven2/org/geotools/geotools/28.0/geotools-28.0.pom.sha1
[info] downloading https://repo.osgeo.org/repository/release/org/geotools/geotools/28.0/geotools-28.0.pom
[info] downloaded https://repo.osgeo.org/repository/release/org/geotools/geotools/28.0/geotools-28.0.pom
[info] downloading https://repo.osgeo.org/repository/release/org/geotools/geotools/28.0/geotools-28.0.pom.sha1
[info] downloaded https://repo.osgeo.org/repository/release/org/geotools/geotools/28.0/geotools-28.0.pom.sha1
[info] downloading https://repo1.maven.org/maven2/org/geotools/gt-main/28.0/gt-main-28.0.pom
[info] downloading https://repo1.maven.org/maven2/org/geotools/gt-metadata/28.0/gt-metadata-28.0.pom
[info] downloaded https://repo1.maven.org/maven2/org/geotools/gt-main/28.0/gt-main-28.0.pom
[info] downloading https://repo1.maven.org/maven2/org/geotools/gt-main/28.0/gt-main-28.0.pom.sha1
[info] downloaded https://repo1.maven.org/maven2/org/geotools/gt-metadata/28.0/gt-metadata-28.0.pom
[info] downloading https://repo1.maven.org/maven2/org/geotools/gt-metadata/28.0/gt-metadata-28.0.pom.sha1
[info] downloaded https://repo1.maven.org/maven2/org/geotools/gt-main/28.0/gt-main-28.0.pom.sha1
[info] downloading https://repo.osgeo.org/repository/release/org/geotools/gt-main/28.0/gt-main-28.0.pom
[info] downloaded https://repo1.maven.org/maven2/org/geotools/gt-metadata/28.0/gt-metadata-28.0.pom.sha1
[info] downloading https://repo.osgeo.org/repository/release/org/geotools/gt-metadata/28.0/gt-metadata-28.0.pom
[info] downloaded https://repo.osgeo.org/repository/release/org/geotools/gt-metadata/28.0/gt-metadata-28.0.pom
[info] downloading https://repo.osgeo.org/repository/release/org/geotools/gt-metadata/28.0/gt-metadata-28.0.pom.sha1
[info] downloaded https://repo.osgeo.org/repository/release/org/geotools/gt-main/28.0/gt-main-28.0.pom
[info] downloading https://repo.osgeo.org/repository/release/org/geotools/gt-main/28.0/gt-main-28.0.pom.sha1
[info] downloaded https://repo.osgeo.org/repository/release/org/geotools/gt-metadata/28.0/gt-metadata-28.0.pom.sha1
[info] downloaded https://repo.osgeo.org/repository/release/org/geotools/gt-main/28.0/gt-main-28.0.pom.sha1
[info] downloading https://repo1.maven.org/maven2/org/geotools/gt-opengis/28.0/gt-opengis-28.0.pom
[info] downloading https://repo1.maven.org/maven2/org/geotools/ogc/net.opengis.ows/28.0/net.opengis.ows-28.0.pom
[info] downloading https://repo1.maven.org/maven2/org/geotools/gt-http/28.0/gt-http-28.0.pom
[info] downloaded https://repo1.maven.org/maven2/org/geotools/gt-opengis/28.0/gt-opengis-28.0.pom
[info] downloading https://repo1.maven.org/maven2/org/geotools/gt-opengis/28.0/gt-opengis-28.0.pom.sha1
[info] downloaded https://repo1.maven.org/maven2/org/geotools/ogc/net.opengis.ows/28.0/net.opengis.ows-28.0.pom
[info] downloading https://repo1.maven.org/maven2/org/geotools/ogc/net.opengis.ows/28.0/net.opengis.ows-28.0.pom.sha1
[info] downloaded https://repo1.maven.org/maven2/org/geotools/gt-opengis/28.0/gt-opengis-28.0.pom.sha1
[info] downloaded https://repo1.maven.org/maven2/org/geotools/ogc/net.opengis.ows/28.0/net.opengis.ows-28.0.pom.sha1
[info] downloaded https://repo1.maven.org/maven2/org/geotools/gt-http/28.0/gt-http-28.0.pom
[info] downloading https://repo.osgeo.org/repository/release/org/geotools/ogc/net.opengis.ows/28.0/net.opengis.ows-28.0.pom
[info] downloading https://repo.osgeo.org/repository/release/org/geotools/gt-opengis/28.0/gt-opengis-28.0.pom
[info] downloading https://repo1.maven.org/maven2/org/geotools/gt-http/28.0/gt-http-28.0.pom.sha1
[info] downloaded https://repo1.maven.org/maven2/org/geotools/gt-http/28.0/gt-http-28.0.pom.sha1
[info] downloading https://repo.osgeo.org/repository/release/org/geotools/gt-http/28.0/gt-http-28.0.pom
[info] downloaded https://repo.osgeo.org/repository/release/org/geotools/ogc/net.opengis.ows/28.0/net.opengis.ows-28.0.pom
[info] downloading https://repo.osgeo.org/repository/release/org/geotools/ogc/net.opengis.ows/28.0/net.opengis.ows-28.0.pom.sha1
[info] downloaded https://repo.osgeo.org/repository/release/org/geotools/gt-opengis/28.0/gt-opengis-28.0.pom
[info] downloading https://repo.osgeo.org/repository/release/org/geotools/gt-opengis/28.0/gt-opengis-28.0.pom.sha1
[info] downloaded https://repo.osgeo.org/repository/release/org/geotools/gt-http/28.0/gt-http-28.0.pom
[info] downloaded https://repo.osgeo.org/repository/release/org/geotools/ogc/net.opengis.ows/28.0/net.opengis.ows-28.0.pom.sha1
[info] downloading https://repo.osgeo.org/repository/release/org/geotools/gt-http/28.0/gt-http-28.0.pom.sha1
[info] downloaded https://repo.osgeo.org/repository/release/org/geotools/gt-http/28.0/gt-http-28.0.pom.sha1
[info] downloaded https://repo.osgeo.org/repository/release/org/geotools/gt-opengis/28.0/gt-opengis-28.0.pom.sha1
[info] downloading https://repo1.maven.org/maven2/org/geotools/ogc/28.0/ogc-28.0.pom
[info] downloaded https://repo1.maven.org/maven2/org/geotools/ogc/28.0/ogc-28.0.pom
[info] downloading https://repo1.maven.org/maven2/org/geotools/ogc/28.0/ogc-28.0.pom.sha1
[info] downloaded https://repo1.maven.org/maven2/org/geotools/ogc/28.0/ogc-28.0.pom.sha1
[info] downloading https://repo.osgeo.org/repository/release/org/geotools/ogc/28.0/ogc-28.0.pom
[info] downloaded https://repo.osgeo.org/repository/release/org/geotools/ogc/28.0/ogc-28.0.pom
[info] downloading https://repo.osgeo.org/repository/release/org/geotools/ogc/28.0/ogc-28.0.pom.sha1
[info] downloaded https://repo.osgeo.org/repository/release/org/geotools/ogc/28.0/ogc-28.0.pom.sha1
[info] downloading https://repo1.maven.org/maven2/org/geotools/ogc/org.w3.xlink/28.0/org.w3.xlink-28.0.pom
[info] downloaded https://repo1.maven.org/maven2/org/geotools/ogc/org.w3.xlink/28.0/org.w3.xlink-28.0.pom
[info] downloading https://repo1.maven.org/maven2/org/geotools/ogc/org.w3.xlink/28.0/org.w3.xlink-28.0.pom.sha1
[info] downloaded https://repo1.maven.org/maven2/org/geotools/ogc/org.w3.xlink/28.0/org.w3.xlink-28.0.pom.sha1
[info] downloading https://repo.osgeo.org/repository/release/org/geotools/ogc/org.w3.xlink/28.0/org.w3.xlink-28.0.pom
[info] downloaded https://repo.osgeo.org/repository/release/org/geotools/ogc/org.w3.xlink/28.0/org.w3.xlink-28.0.pom
[info] downloading https://repo.osgeo.org/repository/release/org/geotools/ogc/org.w3.xlink/28.0/org.w3.xlink-28.0.pom.sha1
[info] downloaded https://repo.osgeo.org/repository/release/org/geotools/ogc/org.w3.xlink/28.0/org.w3.xlink-28.0.pom.sha1
[info] downloading https://repo.osgeo.org/repository/release/org/geotools/ogc/org.w3.xlink/28.0/org.w3.xlink-28.0.jar
[info] downloading https://repo.osgeo.org/repository/release/org/geotools/gt-main/28.0/gt-main-28.0.jar
[info] downloading https://repo.osgeo.org/repository/release/org/geotools/gt-http/28.0/gt-http-28.0.jar
[info] downloading https://repo.osgeo.org/repository/release/org/geotools/gt-opengis/28.0/gt-opengis-28.0.jar
[info] downloading https://repo.osgeo.org/repository/release/org/geotools/gt-shapefile/28.0/gt-shapefile-28.0.jar
[info] downloading https://repo.osgeo.org/repository/release/org/geotools/gt-referencing/28.0/gt-referencing-28.0.jar
[info] downloaded https://repo.osgeo.org/repository/release/org/geotools/ogc/org.w3.xlink/28.0/org.w3.xlink-28.0.jar
[info] downloading https://repo.osgeo.org/repository/release/org/geotools/gt-geojson/28.0/gt-geojson-28.0.jar
[info] downloaded https://repo.osgeo.org/repository/release/org/geotools/gt-geojson/28.0/gt-geojson-28.0.jar
[info] downloading https://repo.osgeo.org/repository/release/org/geotools/gt-metadata/28.0/gt-metadata-28.0.jar
[info] downloaded https://repo.osgeo.org/repository/release/org/geotools/gt-http/28.0/gt-http-28.0.jar
[info] downloading https://repo.osgeo.org/repository/release/org/geotools/ogc/net.opengis.ows/28.0/net.opengis.ows-28.0.jar
[info] downloaded https://repo.osgeo.org/repository/release/org/geotools/gt-shapefile/28.0/gt-shapefile-28.0.jar
[info] downloaded https://repo.osgeo.org/repository/release/org/geotools/gt-opengis/28.0/gt-opengis-28.0.jar
[info] downloading https://repo.osgeo.org/repository/release/org/geotools/ogc/org.w3.xlink/28.0/org.w3.xlink-28.0.jar.sha1
[info] downloading https://repo.osgeo.org/repository/release/org/geotools/gt-geojson/28.0/gt-geojson-28.0.jar.sha1
[info] downloaded https://repo.osgeo.org/repository/release/org/geotools/gt-metadata/28.0/gt-metadata-28.0.jar
[info] downloading https://repo.osgeo.org/repository/release/org/geotools/gt-http/28.0/gt-http-28.0.jar.sha1
[info] downloaded https://repo.osgeo.org/repository/release/org/geotools/ogc/org.w3.xlink/28.0/org.w3.xlink-28.0.jar.sha1
[info] downloading https://repo.osgeo.org/repository/release/org/geotools/gt-shapefile/28.0/gt-shapefile-28.0.jar.sha1
[info] downloaded https://repo.osgeo.org/repository/release/org/geotools/gt-geojson/28.0/gt-geojson-28.0.jar.sha1
[info] downloading https://repo.osgeo.org/repository/release/org/geotools/gt-opengis/28.0/gt-opengis-28.0.jar.sha1
[info] downloaded https://repo.osgeo.org/repository/release/org/geotools/gt-referencing/28.0/gt-referencing-28.0.jar
[info] downloaded https://repo.osgeo.org/repository/release/org/geotools/gt-http/28.0/gt-http-28.0.jar.sha1
[info] downloaded https://repo.osgeo.org/repository/release/org/geotools/gt-opengis/28.0/gt-opengis-28.0.jar.sha1
[info] downloading https://repo.osgeo.org/repository/release/org/geotools/gt-metadata/28.0/gt-metadata-28.0.jar.sha1
[info] downloaded https://repo.osgeo.org/repository/release/org/geotools/ogc/net.opengis.ows/28.0/net.opengis.ows-28.0.jar
[info] downloaded https://repo.osgeo.org/repository/release/org/geotools/gt-shapefile/28.0/gt-shapefile-28.0.jar.sha1
[info] downloading https://repo.osgeo.org/repository/release/org/geotools/gt-referencing/28.0/gt-referencing-28.0.jar.sha1
[info] downloading https://repo.osgeo.org/repository/release/org/geotools/ogc/net.opengis.ows/28.0/net.opengis.ows-28.0.jar.sha1
[info] downloaded https://repo.osgeo.org/repository/release/org/geotools/gt-main/28.0/gt-main-28.0.jar
[info] downloading https://repo.osgeo.org/repository/release/org/geotools/gt-main/28.0/gt-main-28.0.jar.sha1
[info] downloaded https://repo.osgeo.org/repository/release/org/geotools/ogc/net.opengis.ows/28.0/net.opengis.ows-28.0.jar.sha1
[info] downloaded https://repo.osgeo.org/repository/release/org/geotools/gt-referencing/28.0/gt-referencing-28.0.jar.sha1
[info] downloaded https://repo.osgeo.org/repository/release/org/geotools/gt-metadata/28.0/gt-metadata-28.0.jar.sha1
[info] downloaded https://repo.osgeo.org/repository/release/org/geotools/gt-main/28.0/gt-main-28.0.jar.sha1
[error] lmcoursier.internal.shaded.coursier.error.FetchError$DownloadingArtifacts: Error fetching artifacts:
[error] https://repo1.maven.org/maven2/javax/media/jai_core/1.1.3/jai_core-1.1.3.jar: not found: https://repo1.maven.org/maven2/javax/media/jai_core/1.1.3/jai_core-1.1.3.jar
[error] 
[error] 	at lmcoursier.internal.shaded.coursier.Artifacts$.$anonfun$fetchArtifacts$9(Artifacts.scala:365)
[error] 	at lmcoursier.internal.shaded.coursier.util.Task$.$anonfun$flatMap$extension$1(Task.scala:14)
[error] 	at lmcoursier.internal.shaded.coursier.util.Task$.$anonfun$flatMap$extension$1$adapted(Task.scala:14)
[error] 	at lmcoursier.internal.shaded.coursier.util.Task$.wrap(Task.scala:82)
[error] 	at lmcoursier.internal.shaded.coursier.util.Task$.$anonfun$flatMap$2(Task.scala:14)
[error] 	at scala.concurrent.Future.$anonfun$flatMap$1(Future.scala:307)
[error] 	at scala.concurrent.impl.Promise.$anonfun$transformWith$1(Promise.scala:51)
[error] 	at scala.concurrent.impl.CallbackRunnable.run(Promise.scala:74)
[error] 	at java.base/java.util.concurrent.ThreadPoolExecutor.runWorker(ThreadPoolExecutor.java:1144)
[error] 	at java.base/java.util.concurrent.ThreadPoolExecutor$Worker.run(ThreadPoolExecutor.java:642)
[error] 	at java.base/java.lang.Thread.run(Thread.java:1575)
[error] Caused by: lmcoursier.internal.shaded.coursier.cache.ArtifactError$NotFound: not found: https://repo1.maven.org/maven2/javax/media/jai_core/1.1.3/jai_core-1.1.3.jar
[error] 	at lmcoursier.internal.shaded.coursier.cache.internal.Downloader.checkErrFile$1(Downloader.scala:471)
[error] 	at lmcoursier.internal.shaded.coursier.cache.internal.Downloader.$anonfun$shouldDownload$16(Downloader.scala:518)
[error] 	at scala.concurrent.Future$.$anonfun$apply$1(Future.scala:659)
[error] 	at scala.util.Success.$anonfun$map$1(Try.scala:255)
[error] 	at scala.util.Success.map(Try.scala:213)
[error] 	at scala.concurrent.Future.$anonfun$map$1(Future.scala:292)
[error] 	at scala.concurrent.impl.Promise.$anonfun$transform$1(Promise.scala:42)
[error] 	at scala.concurrent.impl.CallbackRunnable.run(Promise.scala:74)
[error] 	at java.base/java.util.concurrent.ThreadPoolExecutor.runWorker(ThreadPoolExecutor.java:1144)
[error] 	at java.base/java.util.concurrent.ThreadPoolExecutor$Worker.run(ThreadPoolExecutor.java:642)
[error] 	at java.base/java.lang.Thread.run(Thread.java:1575)
[error] (update) lmcoursier.internal.shaded.coursier.error.FetchError$DownloadingArtifacts: Error fetching artifacts:
[error] https://repo1.maven.org/maven2/javax/media/jai_core/1.1.3/jai_core-1.1.3.jar: not found: https://repo1.maven.org/maven2/javax/media/jai_core/1.1.3/jai_core-1.1.3.jar
[error] Total time: 17 s, completed ٢٧‏/١٢‏/٢٠٢٤، ٢:٣٠:٣٦ ص
[debug] > Exec(idea-shell, None, None)
