[debug] > Exec(reload, None, None)
[debug] > Exec(sbtStashOnFailure, None, None)
[debug] > Exec(onFailure loadFailed, None, None)
[debug] > Exec(loadp, None, None)
[info] welcome to sbt 1.10.1 (Oracle Corporation Java 1.8.0_202)
[debug] Load.defaultLoad until apply took 3.5425ms
[debug]           Load.loadUnit: plugins took 83.6963ms
[debug]           Load.loadUnit: defsScala took 0.006ms
[debug] [Loading] Scanning directory C:\real-time-twitter-analytics6\project
[debug]             Load.loadUnit: mkEval took 0.9725ms
[debug] [Loading] Found non-root projects 
[debug] [Loading] Done in C:\real-time-twitter-analytics6\project, returning: ()
[debug] deducing auto plugins based on known facts Set(Atom(sbt.plugins.CorePlugin)) and clauses Clauses(Clause(Atom(sbt.plugins.JvmPlugin),Set(Atom(sbt.plugins.IvyPlugin)))
[debug] Clause(Atom(sbt.ScriptedPlugin),Set(Atom(sbt.plugins.JvmPlugin)))
[debug] Clause(Atom(sbt.plugins.SbtPlugin),Set(Atom(sbt.ScriptedPlugin)))
[debug] Clause(Atom(sbt.plugins.SemanticdbPlugin),Set(Atom(sbt.plugins.JvmPlugin)))
[debug] Clause(Atom(sbt.plugins.JUnitXmlReportPlugin),Set(Atom(sbt.plugins.JvmPlugin)))
[debug] Clause(Atom(sbt.plugins.MiniDependencyTreePlugin),Set(Atom(sbt.plugins.JvmPlugin)))
[debug] Clause(Atom(sbt.plugins.CorePlugin),Set(Atom(sbt.plugins.IvyPlugin)))
[debug] Clause(Atom(sbt.plugins.IvyPlugin),Set(Atom(sbt.plugins.JvmPlugin)))
[debug] Clause(Atom(sbt.plugins.JvmPlugin),Set(Atom(sbt.plugins.SemanticdbPlugin)))
[debug] Clause(Atom(sbt.plugins.JvmPlugin),Set(Atom(sbt.plugins.JUnitXmlReportPlugin)))
[debug] Clause(Atom(sbt.plugins.CorePlugin),Set(Atom(sbt.plugins.Giter8TemplatePlugin)))
[debug] Clause(Atom(sbt.plugins.JvmPlugin),Set(Atom(sbt.plugins.MiniDependencyTreePlugin))))
[debug]   :: deduced result: Matched(sbt.plugins.CorePlugin,sbt.plugins.Giter8TemplatePlugin,sbt.plugins.IvyPlugin,sbt.plugins.JvmPlugin,sbt.plugins.MiniDependencyTreePlugin,sbt.plugins.JUnitXmlReportPlugin,sbt.plugins.SemanticdbPlugin)
[debug] Plugins.deducer#function took 3.8765 ms
[info] loading settings for project real-time-twitter-analytics6-build from idea2.sbt ...
[debug]               Load.resolveProject(real-time-twitter-analytics6-build) took 3.8816ms
[debug]             Load.loadTransitive: finalizeProject(Project(id real-time-twitter-analytics6-build, base: C:\real-time-twitter-analytics6\project, plugins: List(<none>))) took 8.7277ms
[debug] [Loading] Done in C:\real-time-twitter-analytics6\project, returning: (real-time-twitter-analytics6-build)
[debug]           Load.loadUnit: loadedProjectsRaw took 95.1067ms
[debug]           Load.loadUnit: cleanEvalClasses took 4.9297ms
[debug]         Load.loadUnit(file:/C:/real-time-twitter-analytics6/project/, ...) took 188.0495ms
[debug]       Load.apply: load took 196.3315ms
[debug]       Load.apply: resolveProjects took 0.2202ms
[debug]       Load.apply: finalTransforms took 14.5793ms
[debug]       Load.apply: config.delegates took 0.9035ms
[debug]       Load.apply: Def.make(settings)... took 248.3403ms
[debug]       Load.apply: structureIndex took 63.2889ms
[debug]       Load.apply: mkStreams took 0.0043ms
[info] loading project definition from C:\real-time-twitter-analytics6\project
[debug] Running task... Cancel: Signal, check cycles: false, forcegc: true
[debug]     Load.loadUnit: plugins took 1411.4143ms
[debug]     Load.loadUnit: defsScala took 0.0043ms
[debug] [Loading] Scanning directory C:\real-time-twitter-analytics6
[debug]       Load.loadUnit: mkEval took 2.1562ms
[debug] [Loading] Found non-root projects 
[debug] [Loading] Done in C:\real-time-twitter-analytics6, returning: ()
[debug] deducing auto plugins based on known facts Set(Atom(sbt.plugins.CorePlugin)) and clauses Clauses(Clause(Atom(sbt.plugins.JvmPlugin),Set(Atom(sbt.plugins.IvyPlugin)))
[debug] Clause(Atom(sbt.ScriptedPlugin),Set(Atom(sbt.plugins.JvmPlugin)))
[debug] Clause(Atom(sbt.plugins.SbtPlugin),Set(Atom(sbt.ScriptedPlugin)))
[debug] Clause(Atom(sbt.plugins.SemanticdbPlugin),Set(Atom(sbt.plugins.JvmPlugin)))
[debug] Clause(Atom(sbt.plugins.JUnitXmlReportPlugin),Set(Atom(sbt.plugins.JvmPlugin)))
[debug] Clause(Atom(sbt.plugins.MiniDependencyTreePlugin),Set(Atom(sbt.plugins.JvmPlugin)))
[debug] Clause(Atom(org.jetbrains.sbt.StructurePlugin),Set(Atom(sbt.plugins.JvmPlugin)))
[debug] Clause(Atom(org.jetbrains.sbt.IdeaShellPlugin),Set(Atom(sbt.plugins.JvmPlugin)))
[debug] Clause(Atom(sbt.plugins.CorePlugin),Set(Atom(sbt.plugins.IvyPlugin)))
[debug] Clause(Atom(sbt.plugins.IvyPlugin),Set(Atom(sbt.plugins.JvmPlugin)))
[debug] Clause(Atom(sbt.plugins.JvmPlugin),Set(Atom(sbt.plugins.SemanticdbPlugin)))
[debug] Clause(Atom(sbt.plugins.JvmPlugin),Set(Atom(sbt.plugins.JUnitXmlReportPlugin)))
[debug] Clause(Atom(sbt.plugins.CorePlugin),Set(Atom(sbt.plugins.Giter8TemplatePlugin)))
[debug] Clause(Atom(sbt.plugins.JvmPlugin),Set(Atom(sbt.plugins.MiniDependencyTreePlugin)))
[debug] Clause(Atom(sbt.plugins.JvmPlugin),Set(Atom(org.jetbrains.sbt.StructurePlugin)))
[debug] Clause(Atom(sbt.plugins.JvmPlugin),Set(Atom(org.jetbrains.sbt.IdeaShellPlugin))))
[debug]   :: deduced result: Matched(sbt.plugins.CorePlugin,sbt.plugins.Giter8TemplatePlugin,sbt.plugins.IvyPlugin,sbt.plugins.JvmPlugin,sbt.plugins.SemanticdbPlugin,sbt.plugins.JUnitXmlReportPlugin,org.jetbrains.sbt.IdeaShellPlugin,org.jetbrains.sbt.StructurePlugin,sbt.plugins.MiniDependencyTreePlugin)
[debug] Plugins.deducer#function took 2.942 ms
[info] loading settings for project real-time-twitter-analytics6 from build.sbt ...
[debug]         Load.resolveProject(real-time-twitter-analytics6) took 120.4711ms
[debug]       Load.loadTransitive: finalizeProject(Project(id real-time-twitter-analytics6, base: C:\real-time-twitter-analytics6, plugins: List(<none>))) took 124.6232ms
[debug] [Loading] Done in C:\real-time-twitter-analytics6, returning: (real-time-twitter-analytics6)
[debug]     Load.loadUnit: loadedProjectsRaw took 460.9786ms
[debug]     Load.loadUnit: cleanEvalClasses took 4.9797ms
[debug]   Load.loadUnit(file:/C:/real-time-twitter-analytics6/, ...) took 1880.1089ms
[debug] Load.apply: load took 1882.8106ms
[debug] Load.apply: resolveProjects took 0.2287ms
[debug] Load.apply: finalTransforms took 100.7385ms
[debug] Load.apply: config.delegates took 1.0934ms
[debug] Load.apply: Def.make(settings)... took 317.3908ms
[debug] Load.apply: structureIndex took 67.2042ms
[debug] Load.apply: mkStreams took 0.0048ms
[info] set current project to RealTimeTwitterAnalytics (in build file:/C:/real-time-twitter-analytics6/)
[debug] > Exec(sbtPopOnFailure, None, None)
[debug] > Exec(resumeFromFailure, None, None)
[debug] > Exec(idea-shell, None, None)
