[debug] > Exec(compile, None, None)
[debug] Evaluating tasks: Compile / compile
[debug] Running task... Cancel: Signal, check cycles: false, forcegc: true
[info] compiling 3 Scala sources to C:\Users\HP\Desktop\big3\real-time-twitter-analytics\target\scala-2.13\classes ...
[warn] C:\Users\HP\Desktop\big3\real-time-twitter-analytics\src\main\scala\CleaningConsumerApp.scala:81:25: the type test for pattern scala.collection.immutable.Map[String,Any] (the underlying of Map[String,Any]) cannot be checked at runtime because it has type parameters eliminated by erasure
[warn]         case Some(user: Map[String, Any]) =>
[warn]                         ^
[warn] C:\Users\HP\Desktop\big3\real-time-twitter-analytics\src\main\scala\CleaningConsumerApp.scala:113:23: the type test for pattern scala.collection.immutable.Map[String,Any] (the underlying of Map[String,Any]) cannot be checked at runtime because it has type parameters eliminated by erasure
[warn]       case Some(user: Map[String, Any]) =>
[warn]                       ^
[warn] C:\Users\HP\Desktop\big3\real-time-twitter-analytics\src\main\scala\TweetFeatureExtractionConsumer.scala:52:34: the type test for pattern scala.collection.immutable.Map[String,Any] (the underlying of Map[String,Any]) cannot be checked at runtime because it has type parameters eliminated by erasure
[warn]               case Some(userMap: Map[String, Any]) =>
[warn]                                  ^
[warn] C:\Users\HP\Desktop\big3\real-time-twitter-analytics\src\main\scala\TweetFeatureExtractionConsumer.scala:62:34: the type test for pattern scala.collection.immutable.Map[String,Any] (the underlying of Map[String,Any]) cannot be checked at runtime because it has type parameters eliminated by erasure
[warn]               case Some(userMap: Map[String, Any]) =>
[warn]                                  ^
[warn] C:\Users\HP\Desktop\big3\real-time-twitter-analytics\src\main\scala\TweetFeatureExtractionConsumer.scala:64:36: the type test for pattern scala.collection.immutable.Map[String,Any] (the underlying of Map[String,Any]) cannot be checked at runtime because it has type parameters eliminated by erasure
[warn]                   case Some(tweet: Map[String, Any]) =>
[warn]                                    ^
[warn] 2 deprecations (since 2.13.0); re-run with -deprecation for details
[warn] 6 warnings found
[info] done compiling
[success] Total time: 3 s, completed ٣٠‏/١٢‏/٢٠٢٤، ١:٣٥:١١ ص
[debug] > Exec(idea-shell, None, None)
