[debug] > Exec(early(addDefaultCommands), None, None)
[debug] > Exec(addDefaultCommands, None, None)
[debug] > Exec(early(initialize), None, None)
[debug] > Exec(initialize, None, None)
[debug] > Exec(early(addPluginSbtFile="""C:\Users\toqaa\AppData\Local\Temp\idea320.sbt"""), None, None)
[debug] > Exec(addPluginSbtFile="""C:\Users\toqaa\AppData\Local\Temp\idea320.sbt""", None, None)
[debug] > Exec(boot, None, None)
[debug] > Exec(writeSbtVersion, None, None)
[debug] > Exec(reload, None, None)
[debug] > Exec(sbtStashOnFailure, None, None)
[debug] > Exec(onFailure loadFailed, None, None)
[debug] > Exec(loadp, None, None)
[info] welcome to sbt 1.10.1 (Oracle Corporation Java 1.8.0_202)
[debug] Load.defaultLoad until apply took 81.7296ms
[debug]           Load.loadUnit: plugins took 72.4325ms
[debug]           Load.loadUnit: defsScala took 0.1865ms
[debug] [Loading] Scanning directory C:\real-time-twitter-analytics6\project
[debug]             Load.loadUnit: mkEval took 5.0148ms
[debug] [Loading] Found non-root projects 
[debug] [Loading] Done in C:\real-time-twitter-analytics6\project, returning: ()
[debug] deducing auto plugins based on known facts Set(Atom(sbt.plugins.CorePlugin)) and clauses Clauses(Clause(Atom(sbt.plugins.JvmPlugin),Set(Atom(sbt.plugins.IvyPlugin)))
[debug] Clause(Atom(sbt.ScriptedPlugin),Set(Atom(sbt.plugins.JvmPlugin)))
[debug] Clause(Atom(sbt.plugins.SbtPlugin),Set(Atom(sbt.ScriptedPlugin)))
[debug] Clause(Atom(sbt.plugins.SemanticdbPlugin),Set(Atom(sbt.plugins.JvmPlugin)))
[debug] Clause(Atom(sbt.plugins.JUnitXmlReportPlugin),Set(Atom(sbt.plugins.JvmPlugin)))
[debug] Clause(Atom(sbt.plugins.MiniDependencyTreePlugin),Set(Atom(sbt.plugins.JvmPlugin)))
[debug] Clause(Atom(sbt.plugins.CorePlugin),Set(Atom(sbt.plugins.IvyPlugin)))
[debug] Clause(Atom(sbt.plugins.IvyPlugin),Set(Atom(sbt.plugins.JvmPlugin)))
[debug] Clause(Atom(sbt.plugins.JvmPlugin),Set(Atom(sbt.plugins.SemanticdbPlugin)))
[debug] Clause(Atom(sbt.plugins.JvmPlugin),Set(Atom(sbt.plugins.JUnitXmlReportPlugin)))
[debug] Clause(Atom(sbt.plugins.CorePlugin),Set(Atom(sbt.plugins.Giter8TemplatePlugin)))
[debug] Clause(Atom(sbt.plugins.JvmPlugin),Set(Atom(sbt.plugins.MiniDependencyTreePlugin))))
[debug]   :: deduced result: Matched(sbt.plugins.CorePlugin,sbt.plugins.Giter8TemplatePlugin,sbt.plugins.IvyPlugin,sbt.plugins.JvmPlugin,sbt.plugins.MiniDependencyTreePlugin,sbt.plugins.JUnitXmlReportPlugin,sbt.plugins.SemanticdbPlugin)
[debug] Plugins.deducer#function took 9.1912 ms
[info] loading settings for project real-time-twitter-analytics6-build from idea320.sbt ...
[debug]               Load.resolveProject(real-time-twitter-analytics6-build) took 46.8802ms
[debug]             Load.loadTransitive: finalizeProject(Project(id real-time-twitter-analytics6-build, base: C:\real-time-twitter-analytics6\project, plugins: List(<none>))) took 76.9714ms
[debug] [Loading] Done in C:\real-time-twitter-analytics6\project, returning: (real-time-twitter-analytics6-build)
[debug]           Load.loadUnit: loadedProjectsRaw took 416.5484ms
[debug]           Load.loadUnit: cleanEvalClasses took 9.1506ms
[debug]         Load.loadUnit(file:/C:/real-time-twitter-analytics6/project/, ...) took 502.6016ms
[debug]       Load.apply: load took 592.0476ms
[debug]       Load.apply: resolveProjects took 6.9761ms
[debug]       Load.apply: finalTransforms took 45.3754ms
[debug]       Load.apply: config.delegates took 9.1941ms
[debug]       Load.apply: Def.make(settings)... took 268.7974ms
[debug]       Load.apply: structureIndex took 96.0599ms
[debug]       Load.apply: mkStreams took 1.8875ms
[info] loading project definition from C:\real-time-twitter-analytics6\project
[debug] Running task... Cancel: Signal, check cycles: false, forcegc: true
[debug]     Load.loadUnit: plugins took 1703.2991ms
[debug]     Load.loadUnit: defsScala took 0.0023ms
[debug] [Loading] Scanning directory C:\real-time-twitter-analytics6
[debug]       Load.loadUnit: mkEval took 0.6932ms
[debug] [Loading] Found non-root projects 
[debug] [Loading] Done in C:\real-time-twitter-analytics6, returning: ()
[debug] deducing auto plugins based on known facts Set(Atom(sbt.plugins.CorePlugin)) and clauses Clauses(Clause(Atom(sbt.plugins.JvmPlugin),Set(Atom(sbt.plugins.IvyPlugin)))
[debug] Clause(Atom(sbt.ScriptedPlugin),Set(Atom(sbt.plugins.JvmPlugin)))
[debug] Clause(Atom(sbt.plugins.SbtPlugin),Set(Atom(sbt.ScriptedPlugin)))
[debug] Clause(Atom(sbt.plugins.SemanticdbPlugin),Set(Atom(sbt.plugins.JvmPlugin)))
[debug] Clause(Atom(sbt.plugins.JUnitXmlReportPlugin),Set(Atom(sbt.plugins.JvmPlugin)))
[debug] Clause(Atom(sbt.plugins.MiniDependencyTreePlugin),Set(Atom(sbt.plugins.JvmPlugin)))
[debug] Clause(Atom(org.jetbrains.sbt.StructurePlugin),Set(Atom(sbt.plugins.JvmPlugin)))
[debug] Clause(Atom(org.jetbrains.sbt.IdeaShellPlugin),Set(Atom(sbt.plugins.JvmPlugin)))
[debug] Clause(Atom(sbt.plugins.CorePlugin),Set(Atom(sbt.plugins.IvyPlugin)))
[debug] Clause(Atom(sbt.plugins.IvyPlugin),Set(Atom(sbt.plugins.JvmPlugin)))
[debug] Clause(Atom(sbt.plugins.JvmPlugin),Set(Atom(sbt.plugins.SemanticdbPlugin)))
[debug] Clause(Atom(sbt.plugins.JvmPlugin),Set(Atom(sbt.plugins.JUnitXmlReportPlugin)))
[debug] Clause(Atom(sbt.plugins.CorePlugin),Set(Atom(sbt.plugins.Giter8TemplatePlugin)))
[debug] Clause(Atom(sbt.plugins.JvmPlugin),Set(Atom(sbt.plugins.MiniDependencyTreePlugin)))
[debug] Clause(Atom(sbt.plugins.JvmPlugin),Set(Atom(org.jetbrains.sbt.StructurePlugin)))
[debug] Clause(Atom(sbt.plugins.JvmPlugin),Set(Atom(org.jetbrains.sbt.IdeaShellPlugin))))
[debug]   :: deduced result: Matched(sbt.plugins.CorePlugin,sbt.plugins.Giter8TemplatePlugin,sbt.plugins.IvyPlugin,sbt.plugins.JvmPlugin,sbt.plugins.SemanticdbPlugin,sbt.plugins.JUnitXmlReportPlugin,org.jetbrains.sbt.IdeaShellPlugin,org.jetbrains.sbt.StructurePlugin,sbt.plugins.MiniDependencyTreePlugin)
[debug] Plugins.deducer#function took 1.5769 ms
[info] loading settings for project real-time-twitter-analytics6 from build.sbt ...
[debug]         Load.resolveProject(real-time-twitter-analytics6) took 16.3893ms
[debug]       Load.loadTransitive: finalizeProject(Project(id real-time-twitter-analytics6, base: C:\real-time-twitter-analytics6, plugins: List(<none>))) took 18.3604ms
[debug] [Loading] Done in C:\real-time-twitter-analytics6, returning: (real-time-twitter-analytics6)
[debug]     Load.loadUnit: loadedProjectsRaw took 90.618ms
[debug]     Load.loadUnit: cleanEvalClasses took 1.2836ms
[debug]   Load.loadUnit(file:/C:/real-time-twitter-analytics6/, ...) took 1796.3624ms
[debug] Load.apply: load took 1908.7212ms
[debug] Load.apply: resolveProjects took 0.0947ms
[debug] Load.apply: finalTransforms took 16.3508ms
[debug] Load.apply: config.delegates took 0.3944ms
[debug] Load.apply: Def.make(settings)... took 61.5055ms
[debug] Load.apply: structureIndex took 22.8215ms
[debug] Load.apply: mkStreams took 0.0023ms
[info] set current project to RealTimeTwitterAnalytics (in build file:/C:/real-time-twitter-analytics6/)
[debug] > Exec(sbtPopOnFailure, None, None)
[debug] > Exec(resumeFromFailure, None, None)
[debug] > Exec(notifyUsersAboutShell, None, None)
[debug] > Exec(iflast shell, None, None)
[debug] > Exec(idea-shell, None, None)
