[debug] > Exec(update, None, None)
[debug] Evaluating tasks: update
[debug] Running task... Cancel: Signal, check cycles: false, forcegc: true
[error] Modules were resolved with conflicting cross-version suffixes in ProjectRef(uri("file:/C:/real-time-twitter-analytics6/"), "real-time-twitter-analytics6"):
[error]    org.apache.spark:spark-streaming _2.13, _2.11
[error]    org.apache.spark:spark-sql _2.13, _2.11
[error]    org.apache.spark:spark-core _2.13, _2.11
[error] java.lang.RuntimeException: Conflicting cross-version suffixes in: org.apache.spark:spark-streaming, org.apache.spark:spark-sql, org.apache.spark:spark-core
[error] 	at scala.sys.package$.error(package.scala:30)
[error] 	at sbt.librarymanagement.ConflictWarning$.processCrossVersioned(ConflictWarning.scala:39)
[error] 	at sbt.librarymanagement.ConflictWarning$.apply(ConflictWarning.scala:19)
[error] 	at sbt.Classpaths$.$anonfun$ivyBaseSettings$71(Defaults.scala:3359)
[error] 	at scala.Function1.$anonfun$compose$1(Function1.scala:49)
[error] 	at sbt.internal.util.$tilde$greater.$anonfun$$u2219$1(TypeFunctions.scala:63)
[error] 	at sbt.std.Transform$$anon$4.work(Transform.scala:69)
[error] 	at sbt.Execute.$anonfun$submit$2(Execute.scala:283)
[error] 	at sbt.internal.util.ErrorHandling$.wideConvert(ErrorHandling.scala:24)
[error] 	at sbt.Execute.work(Execute.scala:292)
[error] 	at sbt.Execute.$anonfun$submit$1(Execute.scala:283)
[error] 	at sbt.ConcurrentRestrictions$$anon$4.$anonfun$submitValid$1(ConcurrentRestrictions.scala:265)
[error] 	at sbt.CompletionService$$anon$2.call(CompletionService.scala:65)
[error] 	at java.util.concurrent.FutureTask.run(FutureTask.java:266)
[error] 	at java.util.concurrent.Executors$RunnableAdapter.call(Executors.java:511)
[error] 	at java.util.concurrent.FutureTask.run(FutureTask.java:266)
[error] 	at java.util.concurrent.ThreadPoolExecutor.runWorker(ThreadPoolExecutor.java:1149)
[error] 	at java.util.concurrent.ThreadPoolExecutor$Worker.run(ThreadPoolExecutor.java:624)
[error] 	at java.lang.Thread.run(Thread.java:748)
[error] (update) Conflicting cross-version suffixes in: org.apache.spark:spark-streaming, org.apache.spark:spark-sql, org.apache.spark:spark-core
[error] Total time: 3 s, completed Jan 2, 2025 1:48:35 PM
[debug] > Exec(idea-shell, None, None)
