[debug] > Exec(reload, None, None)
[debug] > Exec(sbtStashOnFailure, None, None)
[debug] > Exec(onFailure loadFailed, None, None)
[debug] > Exec(loadp, None, None)
[info] welcome to sbt 1.10.1 (Oracle Corporation Java 23.0.1)
[debug] Load.defaultLoad until apply took 6.2355ms
[debug]           Load.loadUnit: plugins took 51.9467ms
[debug]           Load.loadUnit: defsScala took 0.0042ms
[debug] [Loading] Scanning directory C:\Users\HP\Desktop\big\real-time-twitter-analytics\project
[debug]             Load.loadUnit: mkEval took 0.3392ms
[debug] [Loading] Found non-root projects 
[debug] [Loading] Done in C:\Users\HP\Desktop\big\real-time-twitter-analytics\project, returning: ()
[debug] deducing auto plugins based on known facts Set(Atom(sbt.plugins.CorePlugin)) and clauses Clauses(Clause(Atom(sbt.plugins.JvmPlugin),Set(Atom(sbt.plugins.IvyPlugin)))
[debug] Clause(Atom(sbt.ScriptedPlugin),Set(Atom(sbt.plugins.JvmPlugin)))
[debug] Clause(Atom(sbt.plugins.SbtPlugin),Set(Atom(sbt.ScriptedPlugin)))
[debug] Clause(Atom(sbt.plugins.SemanticdbPlugin),Set(Atom(sbt.plugins.JvmPlugin)))
[debug] Clause(Atom(sbt.plugins.JUnitXmlReportPlugin),Set(Atom(sbt.plugins.JvmPlugin)))
[debug] Clause(Atom(sbt.plugins.MiniDependencyTreePlugin),Set(Atom(sbt.plugins.JvmPlugin)))
[debug] Clause(Atom(sbt.plugins.CorePlugin),Set(Atom(sbt.plugins.IvyPlugin)))
[debug] Clause(Atom(sbt.plugins.IvyPlugin),Set(Atom(sbt.plugins.JvmPlugin)))
[debug] Clause(Atom(sbt.plugins.JvmPlugin),Set(Atom(sbt.plugins.SemanticdbPlugin)))
[debug] Clause(Atom(sbt.plugins.JvmPlugin),Set(Atom(sbt.plugins.JUnitXmlReportPlugin)))
[debug] Clause(Atom(sbt.plugins.CorePlugin),Set(Atom(sbt.plugins.Giter8TemplatePlugin)))
[debug] Clause(Atom(sbt.plugins.JvmPlugin),Set(Atom(sbt.plugins.MiniDependencyTreePlugin))))
[debug]   :: deduced result: Matched(sbt.plugins.CorePlugin,sbt.plugins.Giter8TemplatePlugin,sbt.plugins.IvyPlugin,sbt.plugins.JvmPlugin,sbt.plugins.MiniDependencyTreePlugin,sbt.plugins.JUnitXmlReportPlugin,sbt.plugins.SemanticdbPlugin)
[debug] Plugins.deducer#function took 2.7189 ms
[info] loading settings for project real-time-twitter-analytics-build from idea10.sbt ...
[debug]               Load.resolveProject(real-time-twitter-analytics-build) took 4.5636ms
[debug]             Load.loadTransitive: finalizeProject(Project(id real-time-twitter-analytics-build, base: C:\Users\HP\Desktop\big\real-time-twitter-analytics\project, plugins: List(<none>))) took 8.089ms
[debug] [Loading] Done in C:\Users\HP\Desktop\big\real-time-twitter-analytics\project, returning: (real-time-twitter-analytics-build)
[debug]           Load.loadUnit: loadedProjectsRaw took 86.1588ms
[debug]           Load.loadUnit: cleanEvalClasses took 5.6842ms
[debug]         Load.loadUnit(file:/C:/Users/HP/Desktop/big/real-time-twitter-analytics/project/, ...) took 145.1748ms
[debug]       Load.apply: load took 158.3949ms
[debug]       Load.apply: resolveProjects took 0.1771ms
[debug]       Load.apply: finalTransforms took 22.6929ms
[debug]       Load.apply: config.delegates took 0.4894ms
[debug]       Load.apply: Def.make(settings)... took 223.9106ms
[debug]       Load.apply: structureIndex took 64.477ms
[debug]       Load.apply: mkStreams took 0.0027ms
[info] loading project definition from C:\Users\HP\Desktop\big\real-time-twitter-analytics\project
[debug] Running task... Cancel: Signal, check cycles: false, forcegc: true
[debug]     Load.loadUnit: plugins took 1045.5544ms
[debug]     Load.loadUnit: defsScala took 0.0042ms
[debug] [Loading] Scanning directory C:\Users\HP\Desktop\big\real-time-twitter-analytics
[debug]       Load.loadUnit: mkEval took 0.2882ms
[debug] [Loading] Found non-root projects 
[debug] [Loading] Done in C:\Users\HP\Desktop\big\real-time-twitter-analytics, returning: ()
[debug] deducing auto plugins based on known facts Set(Atom(sbt.plugins.CorePlugin)) and clauses Clauses(Clause(Atom(sbt.plugins.JvmPlugin),Set(Atom(sbt.plugins.IvyPlugin)))
[debug] Clause(Atom(sbt.ScriptedPlugin),Set(Atom(sbt.plugins.JvmPlugin)))
[debug] Clause(Atom(sbt.plugins.SbtPlugin),Set(Atom(sbt.ScriptedPlugin)))
[debug] Clause(Atom(sbt.plugins.SemanticdbPlugin),Set(Atom(sbt.plugins.JvmPlugin)))
[debug] Clause(Atom(sbt.plugins.JUnitXmlReportPlugin),Set(Atom(sbt.plugins.JvmPlugin)))
[debug] Clause(Atom(sbt.plugins.MiniDependencyTreePlugin),Set(Atom(sbt.plugins.JvmPlugin)))
[debug] Clause(Atom(org.jetbrains.sbt.StructurePlugin),Set(Atom(sbt.plugins.JvmPlugin)))
[debug] Clause(Atom(org.jetbrains.sbt.IdeaShellPlugin),Set(Atom(sbt.plugins.JvmPlugin)))
[debug] Clause(Atom(sbt.plugins.CorePlugin),Set(Atom(sbt.plugins.IvyPlugin)))
[debug] Clause(Atom(sbt.plugins.IvyPlugin),Set(Atom(sbt.plugins.JvmPlugin)))
[debug] Clause(Atom(sbt.plugins.JvmPlugin),Set(Atom(sbt.plugins.SemanticdbPlugin)))
[debug] Clause(Atom(sbt.plugins.JvmPlugin),Set(Atom(sbt.plugins.JUnitXmlReportPlugin)))
[debug] Clause(Atom(sbt.plugins.CorePlugin),Set(Atom(sbt.plugins.Giter8TemplatePlugin)))
[debug] Clause(Atom(sbt.plugins.JvmPlugin),Set(Atom(sbt.plugins.MiniDependencyTreePlugin)))
[debug] Clause(Atom(sbt.plugins.JvmPlugin),Set(Atom(org.jetbrains.sbt.StructurePlugin)))
[debug] Clause(Atom(sbt.plugins.JvmPlugin),Set(Atom(org.jetbrains.sbt.IdeaShellPlugin))))
[debug]   :: deduced result: Matched(sbt.plugins.CorePlugin,sbt.plugins.Giter8TemplatePlugin,sbt.plugins.IvyPlugin,sbt.plugins.JvmPlugin,sbt.plugins.SemanticdbPlugin,sbt.plugins.JUnitXmlReportPlugin,org.jetbrains.sbt.IdeaShellPlugin,org.jetbrains.sbt.StructurePlugin,sbt.plugins.MiniDependencyTreePlugin)
[debug] Plugins.deducer#function took 1.1517 ms
[info] loading settings for project real-time-twitter-analytics from build.sbt ...
[debug]         Load.resolveProject(real-time-twitter-analytics) took 31.5117ms
[debug]       Load.loadTransitive: finalizeProject(Project(id real-time-twitter-analytics, base: C:\Users\HP\Desktop\big\real-time-twitter-analytics, plugins: List(<none>))) took 33.0109ms
[debug] [Loading] Done in C:\Users\HP\Desktop\big\real-time-twitter-analytics, returning: (real-time-twitter-analytics)
[debug]     Load.loadUnit: loadedProjectsRaw took 82.6037ms
[debug]     Load.loadUnit: cleanEvalClasses took 8.259ms
[debug]   Load.loadUnit(file:/C:/Users/HP/Desktop/big/real-time-twitter-analytics/, ...) took 1137.3844ms
[debug] Load.apply: load took 1139.3835ms
[debug] Load.apply: resolveProjects took 0.0772ms
[debug] Load.apply: finalTransforms took 15.2338ms
[debug] Load.apply: config.delegates took 0.2676ms
[debug] Load.apply: Def.make(settings)... took 65.3494ms
[debug] Load.apply: structureIndex took 16.0392ms
[debug] Load.apply: mkStreams took 0.0023ms
[info] set current project to RealTimeTwitterAnalytics (in build file:/C:/Users/HP/Desktop/big/real-time-twitter-analytics/)
[debug] > Exec(sbtPopOnFailure, None, None)
[debug] > Exec(resumeFromFailure, None, None)
[debug] > Exec(idea-shell, None, None)
