[debug] > Exec(reload, None, None)
[debug] > Exec(sbtStashOnFailure, None, None)
[debug] > Exec(onFailure loadFailed, None, None)
[debug] > Exec(loadp, None, None)
[info] welcome to sbt 1.10.1 (Oracle Corporation Java 1.8.0_202)
[debug]       Load.defaultLoad until apply took 1.6288ms
[debug]                 Load.loadUnit: plugins took 18.5131ms
[debug]                 Load.loadUnit: defsScala took 0.0028ms
[debug] [Loading] Scanning directory C:\real-time-twitter-analytics6\project
[debug]                   Load.loadUnit: mkEval took 0.5507ms
[debug] [Loading] Found non-root projects 
[debug] [Loading] Done in C:\real-time-twitter-analytics6\project, returning: ()
[debug] deducing auto plugins based on known facts Set(Atom(sbt.plugins.CorePlugin)) and clauses Clauses(Clause(Atom(sbt.plugins.JvmPlugin),Set(Atom(sbt.plugins.IvyPlugin)))
[debug] Clause(Atom(sbt.ScriptedPlugin),Set(Atom(sbt.plugins.JvmPlugin)))
[debug] Clause(Atom(sbt.plugins.SbtPlugin),Set(Atom(sbt.ScriptedPlugin)))
[debug] Clause(Atom(sbt.plugins.SemanticdbPlugin),Set(Atom(sbt.plugins.JvmPlugin)))
[debug] Clause(Atom(sbt.plugins.JUnitXmlReportPlugin),Set(Atom(sbt.plugins.JvmPlugin)))
[debug] Clause(Atom(sbt.plugins.MiniDependencyTreePlugin),Set(Atom(sbt.plugins.JvmPlugin)))
[debug] Clause(Atom(sbt.plugins.CorePlugin),Set(Atom(sbt.plugins.IvyPlugin)))
[debug] Clause(Atom(sbt.plugins.IvyPlugin),Set(Atom(sbt.plugins.JvmPlugin)))
[debug] Clause(Atom(sbt.plugins.JvmPlugin),Set(Atom(sbt.plugins.SemanticdbPlugin)))
[debug] Clause(Atom(sbt.plugins.JvmPlugin),Set(Atom(sbt.plugins.JUnitXmlReportPlugin)))
[debug] Clause(Atom(sbt.plugins.CorePlugin),Set(Atom(sbt.plugins.Giter8TemplatePlugin)))
[debug] Clause(Atom(sbt.plugins.JvmPlugin),Set(Atom(sbt.plugins.MiniDependencyTreePlugin))))
[debug]   :: deduced result: Matched(sbt.plugins.CorePlugin,sbt.plugins.Giter8TemplatePlugin,sbt.plugins.IvyPlugin,sbt.plugins.JvmPlugin,sbt.plugins.MiniDependencyTreePlugin,sbt.plugins.JUnitXmlReportPlugin,sbt.plugins.SemanticdbPlugin)
[debug] Plugins.deducer#function took 0.7226 ms
[info] loading settings for project real-time-twitter-analytics6-build from idea2.sbt ...
[debug]                     Load.resolveProject(real-time-twitter-analytics6-build) took 3.8148ms
[debug]                   Load.loadTransitive: finalizeProject(Project(id real-time-twitter-analytics6-build, base: C:\real-time-twitter-analytics6\project, plugins: List(<none>))) took 4.8444ms
[debug] [Loading] Done in C:\real-time-twitter-analytics6\project, returning: (real-time-twitter-analytics6-build)
[debug]                 Load.loadUnit: loadedProjectsRaw took 22.929ms
[debug]                 Load.loadUnit: cleanEvalClasses took 0.8641ms
[debug]               Load.loadUnit(file:/C:/real-time-twitter-analytics6/project/, ...) took 42.769ms
[debug]             Load.apply: load took 43.5044ms
[debug]             Load.apply: resolveProjects took 0.0693ms
[debug]             Load.apply: finalTransforms took 4.1631ms
[debug]             Load.apply: config.delegates took 0.2168ms
[debug]             Load.apply: Def.make(settings)... took 51.1187ms
[debug]             Load.apply: structureIndex took 14.0931ms
[debug]             Load.apply: mkStreams took 0.0025ms
[info] loading project definition from C:\real-time-twitter-analytics6\project
[debug] Running task... Cancel: Signal, check cycles: false, forcegc: true
[debug]           Load.loadUnit: plugins took 223.3875ms
[debug]           Load.loadUnit: defsScala took 0.0019ms
[debug] [Loading] Scanning directory C:\real-time-twitter-analytics6
[debug]             Load.loadUnit: mkEval took 0.4682ms
[debug] [Loading] Found non-root projects 
[debug] [Loading] Done in C:\real-time-twitter-analytics6, returning: ()
[debug] deducing auto plugins based on known facts Set(Atom(sbt.plugins.CorePlugin)) and clauses Clauses(Clause(Atom(sbt.plugins.JvmPlugin),Set(Atom(sbt.plugins.IvyPlugin)))
[debug] Clause(Atom(sbt.ScriptedPlugin),Set(Atom(sbt.plugins.JvmPlugin)))
[debug] Clause(Atom(sbt.plugins.SbtPlugin),Set(Atom(sbt.ScriptedPlugin)))
[debug] Clause(Atom(sbt.plugins.SemanticdbPlugin),Set(Atom(sbt.plugins.JvmPlugin)))
[debug] Clause(Atom(sbt.plugins.JUnitXmlReportPlugin),Set(Atom(sbt.plugins.JvmPlugin)))
[debug] Clause(Atom(sbt.plugins.MiniDependencyTreePlugin),Set(Atom(sbt.plugins.JvmPlugin)))
[debug] Clause(Atom(org.jetbrains.sbt.StructurePlugin),Set(Atom(sbt.plugins.JvmPlugin)))
[debug] Clause(Atom(org.jetbrains.sbt.IdeaShellPlugin),Set(Atom(sbt.plugins.JvmPlugin)))
[debug] Clause(Atom(sbt.plugins.CorePlugin),Set(Atom(sbt.plugins.IvyPlugin)))
[debug] Clause(Atom(sbt.plugins.IvyPlugin),Set(Atom(sbt.plugins.JvmPlugin)))
[debug] Clause(Atom(sbt.plugins.JvmPlugin),Set(Atom(sbt.plugins.SemanticdbPlugin)))
[debug] Clause(Atom(sbt.plugins.JvmPlugin),Set(Atom(sbt.plugins.JUnitXmlReportPlugin)))
[debug] Clause(Atom(sbt.plugins.CorePlugin),Set(Atom(sbt.plugins.Giter8TemplatePlugin)))
[debug] Clause(Atom(sbt.plugins.JvmPlugin),Set(Atom(sbt.plugins.MiniDependencyTreePlugin)))
[debug] Clause(Atom(sbt.plugins.JvmPlugin),Set(Atom(org.jetbrains.sbt.StructurePlugin)))
[debug] Clause(Atom(sbt.plugins.JvmPlugin),Set(Atom(org.jetbrains.sbt.IdeaShellPlugin))))
[debug]   :: deduced result: Matched(sbt.plugins.CorePlugin,sbt.plugins.Giter8TemplatePlugin,sbt.plugins.IvyPlugin,sbt.plugins.JvmPlugin,sbt.plugins.SemanticdbPlugin,sbt.plugins.JUnitXmlReportPlugin,org.jetbrains.sbt.IdeaShellPlugin,org.jetbrains.sbt.StructurePlugin,sbt.plugins.MiniDependencyTreePlugin)
[debug] Plugins.deducer#function took 1.6932 ms
[info] loading settings for project real-time-twitter-analytics6 from build.sbt ...
[debug]               Load.resolveProject(real-time-twitter-analytics6) took 24.2501ms
[debug]             Load.loadTransitive: finalizeProject(Project(id real-time-twitter-analytics6, base: C:\real-time-twitter-analytics6, plugins: List(<none>))) took 26.538ms
[debug] [Loading] Done in C:\real-time-twitter-analytics6, returning: (real-time-twitter-analytics6)
[debug]           Load.loadUnit: loadedProjectsRaw took 784.7509ms
[debug]           Load.loadUnit: cleanEvalClasses took 5.8214ms
[debug]         Load.loadUnit(file:/C:/real-time-twitter-analytics6/, ...) took 1014.334ms
[debug]       Load.apply: load took 1015.5861ms
[debug]       Load.apply: resolveProjects took 0.0742ms
[debug]       Load.apply: finalTransforms took 11.6899ms
[debug]       Load.apply: config.delegates took 0.2295ms
[debug]       Load.apply: Def.make(settings)... took 69.9323ms
[debug]       Load.apply: structureIndex took 13.4129ms
[debug]       Load.apply: mkStreams took 0.0029ms
[info] set current project to RealTimeTwitterAnalytics (in build file:/C:/real-time-twitter-analytics6/)
[debug] > Exec(sbtPopOnFailure, None, None)
[debug] > Exec(resumeFromFailure, None, None)
[debug] > Exec(resumeFromFailure, None, None)
[debug] > Exec(idea-shell, None, None)
