[debug] > Exec(update, None, None)
[debug] Evaluating tasks: update
[debug] Running task... Cancel: Signal, check cycles: false, forcegc: true
[info] downloading https://repo1.maven.org/maven2/org/elasticsearch/elasticsearch-hadoop/8.10.1/elasticsearch-hadoop-8.10.1.pom
[info] downloading https://repo1.maven.org/maven2/me/filippov/dotenv-scala_2.13/2.0.0/dotenv-scala_2.13-2.0.0.pom
[info] downloading https://repo1.maven.org/maven2/org/apache/spark/spark-sql-kafka-0-10_2.13/3.4.0/spark-sql-kafka-0-10_2.13-3.4.0.pom
[info] downloaded https://repo1.maven.org/maven2/org/apache/spark/spark-sql-kafka-0-10_2.13/3.4.0/spark-sql-kafka-0-10_2.13-3.4.0.pom
[info] downloaded https://repo1.maven.org/maven2/me/filippov/dotenv-scala_2.13/2.0.0/dotenv-scala_2.13-2.0.0.pom
[info] downloading https://repo1.maven.org/maven2/me/filippov/dotenv-scala_2.13/2.0.0/dotenv-scala_2.13-2.0.0.pom.sha1
[info] downloaded https://repo1.maven.org/maven2/org/elasticsearch/elasticsearch-hadoop/8.10.1/elasticsearch-hadoop-8.10.1.pom
[info] downloaded https://repo1.maven.org/maven2/me/filippov/dotenv-scala_2.13/2.0.0/dotenv-scala_2.13-2.0.0.pom.sha1
[info] downloading https://repo.osgeo.org/repository/release/me/filippov/dotenv-scala_2.13/2.0.0/dotenv-scala_2.13-2.0.0.pom
[info] downloaded https://repo.osgeo.org/repository/release/me/filippov/dotenv-scala_2.13/2.0.0/dotenv-scala_2.13-2.0.0.pom
[info] downloading https://repo.osgeo.org/repository/release/me/filippov/dotenv-scala_2.13/2.0.0/dotenv-scala_2.13-2.0.0.pom.sha1
[info] downloaded https://repo.osgeo.org/repository/release/me/filippov/dotenv-scala_2.13/2.0.0/dotenv-scala_2.13-2.0.0.pom.sha1
[info] downloading https://artifacts.elastic.co/maven/me/filippov/dotenv-scala_2.13/2.0.0/dotenv-scala_2.13-2.0.0.pom
[info] downloaded https://artifacts.elastic.co/maven/me/filippov/dotenv-scala_2.13/2.0.0/dotenv-scala_2.13-2.0.0.pom
[info] downloading https://artifacts.elastic.co/maven/me/filippov/dotenv-scala_2.13/2.0.0/dotenv-scala_2.13-2.0.0.pom.sha1
[info] downloaded https://artifacts.elastic.co/maven/me/filippov/dotenv-scala_2.13/2.0.0/dotenv-scala_2.13-2.0.0.pom.sha1
[info] downloading https://repo1.maven.org/maven2/org/apache/spark/spark-parent_2.13/3.4.0/spark-parent_2.13-3.4.0.pom
[info] downloaded https://repo1.maven.org/maven2/org/apache/spark/spark-parent_2.13/3.4.0/spark-parent_2.13-3.4.0.pom
[info] downloading https://repo1.maven.org/maven2/org/apache/hive/hive-service/3.1.2/hive-service-3.1.2.pom
[info] downloading https://repo1.maven.org/maven2/org/apache/spark/spark-streaming_2.11/2.3.0/spark-streaming_2.11-2.3.0.pom
[info] downloading https://repo1.maven.org/maven2/org/apache/spark/spark-sql_2.11/2.3.0/spark-sql_2.11-2.3.0.pom
[info] downloading https://repo1.maven.org/maven2/org/apache/hive/hive-metastore/3.1.2/hive-metastore-3.1.2.pom
[info] downloading https://repo1.maven.org/maven2/org/apache/spark/spark-core_2.11/2.3.0/spark-core_2.11-2.3.0.pom
[info] downloading https://repo1.maven.org/maven2/org/apache/spark/spark-yarn_2.11/2.3.0/spark-yarn_2.11-2.3.0.pom
[info] downloaded https://repo1.maven.org/maven2/org/apache/spark/spark-yarn_2.11/2.3.0/spark-yarn_2.11-2.3.0.pom
[info] downloading https://repo1.maven.org/maven2/org/apache/hive/hive-exec/3.1.2/hive-exec-3.1.2.pom
[info] downloaded https://repo1.maven.org/maven2/org/apache/hive/hive-service/3.1.2/hive-service-3.1.2.pom
[info] downloading https://repo1.maven.org/maven2/org/apache/hadoop/hadoop-mapreduce-client-core/3.1.2/hadoop-mapreduce-client-core-3.1.2.pom
[info] downloaded https://repo1.maven.org/maven2/org/apache/spark/spark-core_2.11/2.3.0/spark-core_2.11-2.3.0.pom
[info] downloading https://repo1.maven.org/maven2/org/apache/hadoop/hadoop-client/3.1.2/hadoop-client-3.1.2.pom
[info] downloaded https://repo1.maven.org/maven2/org/apache/hive/hive-exec/3.1.2/hive-exec-3.1.2.pom
[info] downloaded https://repo1.maven.org/maven2/org/apache/spark/spark-sql_2.11/2.3.0/spark-sql_2.11-2.3.0.pom
[info] downloading https://repo1.maven.org/maven2/javax/xml/bind/jaxb-api/2.3.1/jaxb-api-2.3.1.pom
[info] downloaded https://repo1.maven.org/maven2/org/apache/hive/hive-metastore/3.1.2/hive-metastore-3.1.2.pom
[info] downloading https://repo1.maven.org/maven2/org/apache/hadoop/hadoop-common/3.1.2/hadoop-common-3.1.2.pom
[info] downloaded https://repo1.maven.org/maven2/org/apache/hadoop/hadoop-mapreduce-client-core/3.1.2/hadoop-mapreduce-client-core-3.1.2.pom
[info] downloaded https://repo1.maven.org/maven2/org/apache/spark/spark-streaming_2.11/2.3.0/spark-streaming_2.11-2.3.0.pom
[info] downloaded https://repo1.maven.org/maven2/org/apache/hadoop/hadoop-client/3.1.2/hadoop-client-3.1.2.pom
[info] downloaded https://repo1.maven.org/maven2/javax/xml/bind/jaxb-api/2.3.1/jaxb-api-2.3.1.pom
[info] downloaded https://repo1.maven.org/maven2/org/apache/hadoop/hadoop-common/3.1.2/hadoop-common-3.1.2.pom
[info] downloading https://repo1.maven.org/maven2/org/apache/hive/hive/3.1.2/hive-3.1.2.pom
[info] downloading https://repo1.maven.org/maven2/org/apache/spark/spark-parent_2.11/2.3.0/spark-parent_2.11-2.3.0.pom
[info] downloading https://repo1.maven.org/maven2/javax/xml/bind/jaxb-api-parent/2.3.1/jaxb-api-parent-2.3.1.pom
[info] downloading https://repo1.maven.org/maven2/org/apache/hadoop/hadoop-project-dist/3.1.2/hadoop-project-dist-3.1.2.pom
[info] downloading https://repo1.maven.org/maven2/org/apache/hadoop/hadoop-mapreduce-client/3.1.2/hadoop-mapreduce-client-3.1.2.pom
[info] downloaded https://repo1.maven.org/maven2/javax/xml/bind/jaxb-api-parent/2.3.1/jaxb-api-parent-2.3.1.pom
[info] downloaded https://repo1.maven.org/maven2/org/apache/hive/hive/3.1.2/hive-3.1.2.pom
[info] downloaded https://repo1.maven.org/maven2/org/apache/spark/spark-parent_2.11/2.3.0/spark-parent_2.11-2.3.0.pom
[info] downloaded https://repo1.maven.org/maven2/org/apache/hadoop/hadoop-mapreduce-client/3.1.2/hadoop-mapreduce-client-3.1.2.pom
[info] downloaded https://repo1.maven.org/maven2/org/apache/hadoop/hadoop-project-dist/3.1.2/hadoop-project-dist-3.1.2.pom
[info] downloading https://repo1.maven.org/maven2/org/apache/hadoop/hadoop-project/3.1.2/hadoop-project-3.1.2.pom
[info] downloaded https://repo1.maven.org/maven2/org/apache/hadoop/hadoop-project/3.1.2/hadoop-project-3.1.2.pom
[info] downloading https://repo1.maven.org/maven2/org/apache/hadoop/hadoop-main/3.1.2/hadoop-main-3.1.2.pom
[info] downloaded https://repo1.maven.org/maven2/org/apache/hadoop/hadoop-main/3.1.2/hadoop-main-3.1.2.pom
[warn] 
[warn] 	Note: Unresolved dependencies path:
[error] sbt.librarymanagement.ResolveException: Error downloading me.filippov:dotenv-scala_2.13:2.0.0
[error]   Not found
[error]   Not found
[error]   not found: C:\Users\toqaa\.ivy2\localme.filippov\dotenv-scala_2.13\2.0.0\ivys\ivy.xml
[error]   not found: https://repo1.maven.org/maven2/me/filippov/dotenv-scala_2.13/2.0.0/dotenv-scala_2.13-2.0.0.pom
[error]   not found: https://repo.osgeo.org/repository/release/me/filippov/dotenv-scala_2.13/2.0.0/dotenv-scala_2.13-2.0.0.pom
[error]   not found: https://artifacts.elastic.co/maven/me/filippov/dotenv-scala_2.13/2.0.0/dotenv-scala_2.13-2.0.0.pom
[error] 	at lmcoursier.CoursierDependencyResolution.unresolvedWarningOrThrow(CoursierDependencyResolution.scala:346)
[error] 	at lmcoursier.CoursierDependencyResolution.$anonfun$update$39(CoursierDependencyResolution.scala:315)
[error] 	at scala.util.Either$LeftProjection.map(Either.scala:573)
[error] 	at lmcoursier.CoursierDependencyResolution.update(CoursierDependencyResolution.scala:315)
[error] 	at sbt.librarymanagement.DependencyResolution.update(DependencyResolution.scala:60)
[error] 	at sbt.internal.LibraryManagement$.resolve$1(LibraryManagement.scala:60)
[error] 	at sbt.internal.LibraryManagement$.$anonfun$cachedUpdate$12(LibraryManagement.scala:142)
[error] 	at sbt.util.Tracked$.$anonfun$lastOutput$1(Tracked.scala:74)
[error] 	at sbt.internal.LibraryManagement$.$anonfun$cachedUpdate$11(LibraryManagement.scala:144)
[error] 	at sbt.internal.LibraryManagement$.$anonfun$cachedUpdate$11$adapted(LibraryManagement.scala:131)
[error] 	at sbt.util.Tracked$.$anonfun$inputChangedW$1(Tracked.scala:220)
[error] 	at sbt.internal.LibraryManagement$.cachedUpdate(LibraryManagement.scala:169)
[error] 	at sbt.Classpaths$.$anonfun$updateTask0$1(Defaults.scala:3867)
[error] 	at scala.Function1.$anonfun$compose$1(Function1.scala:49)
[error] 	at sbt.internal.util.$tilde$greater.$anonfun$$u2219$1(TypeFunctions.scala:63)
[error] 	at sbt.std.Transform$$anon$4.work(Transform.scala:69)
[error] 	at sbt.Execute.$anonfun$submit$2(Execute.scala:283)
[error] 	at sbt.internal.util.ErrorHandling$.wideConvert(ErrorHandling.scala:24)
[error] 	at sbt.Execute.work(Execute.scala:292)
[error] 	at sbt.Execute.$anonfun$submit$1(Execute.scala:283)
[error] 	at sbt.ConcurrentRestrictions$$anon$4.$anonfun$submitValid$1(ConcurrentRestrictions.scala:265)
[error] 	at sbt.CompletionService$$anon$2.call(CompletionService.scala:65)
[error] 	at java.util.concurrent.FutureTask.run(FutureTask.java:266)
[error] 	at java.util.concurrent.Executors$RunnableAdapter.call(Executors.java:511)
[error] 	at java.util.concurrent.FutureTask.run(FutureTask.java:266)
[error] 	at java.util.concurrent.ThreadPoolExecutor.runWorker(ThreadPoolExecutor.java:1149)
[error] 	at java.util.concurrent.ThreadPoolExecutor$Worker.run(ThreadPoolExecutor.java:624)
[error] 	at java.lang.Thread.run(Thread.java:748)
[error] (update) sbt.librarymanagement.ResolveException: Error downloading me.filippov:dotenv-scala_2.13:2.0.0
[error]   Not found
[error]   Not found
[error]   not found: C:\Users\toqaa\.ivy2\localme.filippov\dotenv-scala_2.13\2.0.0\ivys\ivy.xml
[error]   not found: https://repo1.maven.org/maven2/me/filippov/dotenv-scala_2.13/2.0.0/dotenv-scala_2.13-2.0.0.pom
[error]   not found: https://repo.osgeo.org/repository/release/me/filippov/dotenv-scala_2.13/2.0.0/dotenv-scala_2.13-2.0.0.pom
[error]   not found: https://artifacts.elastic.co/maven/me/filippov/dotenv-scala_2.13/2.0.0/dotenv-scala_2.13-2.0.0.pom
[error] Total time: 7 s, completed Jan 2, 2025 1:33:18 PM
[debug] > Exec(idea-shell, None, None)
