[debug] > Exec(run, None, None)
[debug] Evaluating tasks: Compile / run
[debug] Running task... Cancel: Signal, check cycles: false, forcegc: true
[info] compiling 6 Scala sources to C:\Users\HP\Desktop\big\real-time-twitter-analytics\target\scala-2.13\classes ...
[warn] C:\Users\HP\Desktop\big\real-time-twitter-analytics\src\main\scala\CleaningConsumerApp.scala:80:25: the type test for pattern scala.collection.immutable.Map[String,Any] (the underlying of Map[String,Any]) cannot be checked at runtime because it has type parameters eliminated by erasure
[warn]         case Some(user: Map[String, Any]) =>
[warn]                         ^
[warn] C:\Users\HP\Desktop\big\real-time-twitter-analytics\src\main\scala\CleaningConsumerApp.scala:111:23: the type test for pattern scala.collection.immutable.Map[String,Any] (the underlying of Map[String,Any]) cannot be checked at runtime because it has type parameters eliminated by erasure
[warn]       case Some(user: Map[String, Any]) =>
[warn]                       ^
[warn] C:\Users\HP\Desktop\big\real-time-twitter-analytics\src\main\scala\GeoLocationConsumer.scala:54:30: the type test for pattern scala.collection.immutable.Map[String,Any] (the underlying of Map[String,Any]) cannot be checked at runtime because it has type parameters eliminated by erasure
[warn]               case Some(map: Map[String, Any]) =>
[warn]                              ^
[warn] C:\Users\HP\Desktop\big\real-time-twitter-analytics\src\main\scala\GeoLocationConsumer.scala:56:37: non-variable type argument Double in type pattern List[Double] (the underlying of List[Double]) is unchecked since it is eliminated by erasure
[warn]                   case Some(coords: List[Double]) =>
[warn]                                     ^
[warn] C:\Users\HP\Desktop\big\real-time-twitter-analytics\src\main\scala\TweetFeatureExtractionConsumer.scala:64:34: the type test for pattern scala.collection.immutable.Map[String,Any] (the underlying of Map[String,Any]) cannot be checked at runtime because it has type parameters eliminated by erasure
[warn]               case Some(userMap: Map[String, Any]) =>
[warn]                                  ^
[warn] 5 deprecations (since 2.13.0); re-run with -deprecation for details
[warn] 6 warnings found
[info] done compiling
[success] Total time: 81 s (٠١:٢١), completed ٢٥‏/١٢‏/٢٠٢٤، ٩:٥٣:٣٦ م
[debug] > Exec(idea-shell, None, None)
[debug] > Exec(, None, None)
[debug] > Exec(idea-shell, None, None)
[debug] > Exec(, None, None)
[debug] > Exec(idea-shell, None, None)
