[debug] > Exec(early(addDefaultCommands), None, None)
[debug] > Exec(addDefaultCommands, None, None)
[debug] > Exec(early(initialize), None, None)
[debug] > Exec(initialize, None, None)
[debug] > Exec(early(addPluginSbtFile="""C:\Users\HP\AppData\Local\Temp\idea2.sbt"""), None, None)
[debug] > Exec(addPluginSbtFile="""C:\Users\HP\AppData\Local\Temp\idea2.sbt""", None, None)
[debug] > Exec(boot, None, None)
[debug] > Exec(writeSbtVersion, None, None)
[debug] > Exec(reload, None, None)
[debug] > Exec(sbtStashOnFailure, None, None)
[debug] > Exec(onFailure loadFailed, None, None)
[debug] > Exec(loadp, None, None)
[info] welcome to sbt 1.10.1 (Oracle Corporation Java 23.0.1)
[debug] Load.defaultLoad until apply took 107.4596ms
[debug]           Load.loadUnit: plugins took 82.0381ms
[debug]           Load.loadUnit: defsScala took 0.3177ms
[debug] [Loading] Scanning directory C:\Users\HP\Desktop\big\real-time-twitter-analytics\project
[debug]             Load.loadUnit: mkEval took 5.3768ms
[debug] [Loading] Found non-root projects 
[debug] [Loading] Done in C:\Users\HP\Desktop\big\real-time-twitter-analytics\project, returning: ()
[debug] deducing auto plugins based on known facts Set(Atom(sbt.plugins.CorePlugin)) and clauses Clauses(Clause(Atom(sbt.plugins.JvmPlugin),Set(Atom(sbt.plugins.IvyPlugin)))
[debug] Clause(Atom(sbt.ScriptedPlugin),Set(Atom(sbt.plugins.JvmPlugin)))
[debug] Clause(Atom(sbt.plugins.SbtPlugin),Set(Atom(sbt.ScriptedPlugin)))
[debug] Clause(Atom(sbt.plugins.SemanticdbPlugin),Set(Atom(sbt.plugins.JvmPlugin)))
[debug] Clause(Atom(sbt.plugins.JUnitXmlReportPlugin),Set(Atom(sbt.plugins.JvmPlugin)))
[debug] Clause(Atom(sbt.plugins.MiniDependencyTreePlugin),Set(Atom(sbt.plugins.JvmPlugin)))
[debug] Clause(Atom(sbt.plugins.CorePlugin),Set(Atom(sbt.plugins.IvyPlugin)))
[debug] Clause(Atom(sbt.plugins.IvyPlugin),Set(Atom(sbt.plugins.JvmPlugin)))
[debug] Clause(Atom(sbt.plugins.JvmPlugin),Set(Atom(sbt.plugins.SemanticdbPlugin)))
[debug] Clause(Atom(sbt.plugins.JvmPlugin),Set(Atom(sbt.plugins.JUnitXmlReportPlugin)))
[debug] Clause(Atom(sbt.plugins.CorePlugin),Set(Atom(sbt.plugins.Giter8TemplatePlugin)))
[debug] Clause(Atom(sbt.plugins.JvmPlugin),Set(Atom(sbt.plugins.MiniDependencyTreePlugin))))
[debug]   :: deduced result: Matched(sbt.plugins.CorePlugin,sbt.plugins.Giter8TemplatePlugin,sbt.plugins.IvyPlugin,sbt.plugins.JvmPlugin,sbt.plugins.MiniDependencyTreePlugin,sbt.plugins.JUnitXmlReportPlugin,sbt.plugins.SemanticdbPlugin)
[debug] Plugins.deducer#function took 20.1785 ms
[info] loading settings for project real-time-twitter-analytics-build from idea2.sbt ...
[debug]               Load.resolveProject(real-time-twitter-analytics-build) took 53.9291ms
[debug]             Load.loadTransitive: finalizeProject(Project(id real-time-twitter-analytics-build, base: C:\Users\HP\Desktop\big\real-time-twitter-analytics\project, plugins: List(<none>))) took 90.9823ms
[debug] [Loading] Done in C:\Users\HP\Desktop\big\real-time-twitter-analytics\project, returning: (real-time-twitter-analytics-build)
[debug]           Load.loadUnit: loadedProjectsRaw took 337.1123ms
[debug]           Load.loadUnit: cleanEvalClasses took 9.1939ms
[debug]         Load.loadUnit(file:/C:/Users/HP/Desktop/big/real-time-twitter-analytics/project/, ...) took 436.0398ms
[debug]       Load.apply: load took 595.6298ms
[debug]       Load.apply: resolveProjects took 5.4503ms
[debug]       Load.apply: finalTransforms took 81.4299ms
[debug]       Load.apply: config.delegates took 11.7879ms
[debug]       Load.apply: Def.make(settings)... took 450.7348ms
[debug]       Load.apply: structureIndex took 124.8176ms
[debug]       Load.apply: mkStreams took 1.5894ms
[info] loading project definition from C:\Users\HP\Desktop\big\real-time-twitter-analytics\project
[debug] Running task... Cancel: Signal, check cycles: false, forcegc: true
[debug]     Load.loadUnit: plugins took 2331.0406ms
[debug]     Load.loadUnit: defsScala took 0.0039ms
[debug] [Loading] Scanning directory C:\Users\HP\Desktop\big\real-time-twitter-analytics
[debug]       Load.loadUnit: mkEval took 0.425ms
[debug] [Loading] Found non-root projects 
[debug] [Loading] Done in C:\Users\HP\Desktop\big\real-time-twitter-analytics, returning: ()
[debug] deducing auto plugins based on known facts Set(Atom(sbt.plugins.CorePlugin)) and clauses Clauses(Clause(Atom(sbt.plugins.JvmPlugin),Set(Atom(sbt.plugins.IvyPlugin)))
[debug] Clause(Atom(sbt.ScriptedPlugin),Set(Atom(sbt.plugins.JvmPlugin)))
[debug] Clause(Atom(sbt.plugins.SbtPlugin),Set(Atom(sbt.ScriptedPlugin)))
[debug] Clause(Atom(sbt.plugins.SemanticdbPlugin),Set(Atom(sbt.plugins.JvmPlugin)))
[debug] Clause(Atom(sbt.plugins.JUnitXmlReportPlugin),Set(Atom(sbt.plugins.JvmPlugin)))
[debug] Clause(Atom(sbt.plugins.MiniDependencyTreePlugin),Set(Atom(sbt.plugins.JvmPlugin)))
[debug] Clause(Atom(org.jetbrains.sbt.StructurePlugin),Set(Atom(sbt.plugins.JvmPlugin)))
[debug] Clause(Atom(org.jetbrains.sbt.IdeaShellPlugin),Set(Atom(sbt.plugins.JvmPlugin)))
[debug] Clause(Atom(sbt.plugins.CorePlugin),Set(Atom(sbt.plugins.IvyPlugin)))
[debug] Clause(Atom(sbt.plugins.IvyPlugin),Set(Atom(sbt.plugins.JvmPlugin)))
[debug] Clause(Atom(sbt.plugins.JvmPlugin),Set(Atom(sbt.plugins.SemanticdbPlugin)))
[debug] Clause(Atom(sbt.plugins.JvmPlugin),Set(Atom(sbt.plugins.JUnitXmlReportPlugin)))
[debug] Clause(Atom(sbt.plugins.CorePlugin),Set(Atom(sbt.plugins.Giter8TemplatePlugin)))
[debug] Clause(Atom(sbt.plugins.JvmPlugin),Set(Atom(sbt.plugins.MiniDependencyTreePlugin)))
[debug] Clause(Atom(sbt.plugins.JvmPlugin),Set(Atom(org.jetbrains.sbt.StructurePlugin)))
[debug] Clause(Atom(sbt.plugins.JvmPlugin),Set(Atom(org.jetbrains.sbt.IdeaShellPlugin))))
[debug]   :: deduced result: Matched(sbt.plugins.CorePlugin,sbt.plugins.Giter8TemplatePlugin,sbt.plugins.IvyPlugin,sbt.plugins.JvmPlugin,sbt.plugins.SemanticdbPlugin,sbt.plugins.JUnitXmlReportPlugin,org.jetbrains.sbt.IdeaShellPlugin,org.jetbrains.sbt.StructurePlugin,sbt.plugins.MiniDependencyTreePlugin)
[debug] Plugins.deducer#function took 2.2211 ms
[info] loading settings for project real-time-twitter-analytics from build.sbt ...
[debug]         Load.resolveProject(real-time-twitter-analytics) took 20.3579ms
[debug]       Load.loadTransitive: finalizeProject(Project(id real-time-twitter-analytics, base: C:\Users\HP\Desktop\big\real-time-twitter-analytics, plugins: List(<none>))) took 23.0407ms
[debug] [Loading] Done in C:\Users\HP\Desktop\big\real-time-twitter-analytics, returning: (real-time-twitter-analytics)
[debug]     Load.loadUnit: loadedProjectsRaw took 2033.4529ms
[debug]     Load.loadUnit: cleanEvalClasses took 9.1657ms
[debug]   Load.loadUnit(file:/C:/Users/HP/Desktop/big/real-time-twitter-analytics/, ...) took 4375.8802ms
[debug] Load.apply: load took 4406.6775ms
[debug] Load.apply: resolveProjects took 0.0797ms
[debug] Load.apply: finalTransforms took 22.7238ms
[debug] Load.apply: config.delegates took 0.5432ms
[debug] Load.apply: Def.make(settings)... took 124.4261ms
[debug] Load.apply: structureIndex took 42.6313ms
[debug] Load.apply: mkStreams took 0.0032ms
[info] set current project to RealTimeTwitterAnalytics (in build file:/C:/Users/HP/Desktop/big/real-time-twitter-analytics/)
[debug] > Exec(sbtPopOnFailure, None, None)
[debug] > Exec(resumeFromFailure, None, None)
[debug] > Exec(notifyUsersAboutShell, None, None)
[debug] > Exec(iflast shell, None, None)
[debug] > Exec(idea-shell, None, None)
