[debug] > Exec(early(addDefaultCommands), None, None)
[debug] > Exec(addDefaultCommands, None, None)
[debug] > Exec(early(initialize), None, None)
[debug] > Exec(initialize, None, None)
[debug] > Exec(early(addPluginSbtFile="""C:\Users\toqaa\AppData\Local\Temp\idea9.sbt"""), None, None)
[debug] > Exec(addPluginSbtFile="""C:\Users\toqaa\AppData\Local\Temp\idea9.sbt""", None, None)
[debug] > Exec(boot, None, None)
[debug] > Exec(writeSbtVersion, None, None)
[debug] > Exec(reload, None, None)
[debug] > Exec(sbtStashOnFailure, None, None)
[debug] > Exec(onFailure loadFailed, None, None)
[debug] > Exec(loadp, None, None)
[info] welcome to sbt 1.10.1 (Oracle Corporation Java 1.8.0_202)
[debug] Load.defaultLoad until apply took 73.7322ms
[debug]           Load.loadUnit: plugins took 82.6163ms
[debug]           Load.loadUnit: defsScala took 0.325001ms
[debug] [Loading] Scanning directory C:\real-time-twitter-analytics6\project
[debug]             Load.loadUnit: mkEval took 9.125301ms
[debug] [Loading] Found non-root projects 
[debug] [Loading] Done in C:\real-time-twitter-analytics6\project, returning: ()
[debug] deducing auto plugins based on known facts Set(Atom(sbt.plugins.CorePlugin)) and clauses Clauses(Clause(Atom(sbt.plugins.JvmPlugin),Set(Atom(sbt.plugins.IvyPlugin)))
[debug] Clause(Atom(sbt.ScriptedPlugin),Set(Atom(sbt.plugins.JvmPlugin)))
[debug] Clause(Atom(sbt.plugins.SbtPlugin),Set(Atom(sbt.ScriptedPlugin)))
[debug] Clause(Atom(sbt.plugins.SemanticdbPlugin),Set(Atom(sbt.plugins.JvmPlugin)))
[debug] Clause(Atom(sbt.plugins.JUnitXmlReportPlugin),Set(Atom(sbt.plugins.JvmPlugin)))
[debug] Clause(Atom(sbt.plugins.MiniDependencyTreePlugin),Set(Atom(sbt.plugins.JvmPlugin)))
[debug] Clause(Atom(sbt.plugins.CorePlugin),Set(Atom(sbt.plugins.IvyPlugin)))
[debug] Clause(Atom(sbt.plugins.IvyPlugin),Set(Atom(sbt.plugins.JvmPlugin)))
[debug] Clause(Atom(sbt.plugins.JvmPlugin),Set(Atom(sbt.plugins.SemanticdbPlugin)))
[debug] Clause(Atom(sbt.plugins.JvmPlugin),Set(Atom(sbt.plugins.JUnitXmlReportPlugin)))
[debug] Clause(Atom(sbt.plugins.CorePlugin),Set(Atom(sbt.plugins.Giter8TemplatePlugin)))
[debug] Clause(Atom(sbt.plugins.JvmPlugin),Set(Atom(sbt.plugins.MiniDependencyTreePlugin))))
[debug]   :: deduced result: Matched(sbt.plugins.CorePlugin,sbt.plugins.Giter8TemplatePlugin,sbt.plugins.IvyPlugin,sbt.plugins.JvmPlugin,sbt.plugins.MiniDependencyTreePlugin,sbt.plugins.JUnitXmlReportPlugin,sbt.plugins.SemanticdbPlugin)
[debug] Plugins.deducer#function took 26.7866 ms
[info] loading settings for project real-time-twitter-analytics6-build from idea9.sbt ...
[debug]               Load.resolveProject(real-time-twitter-analytics6-build) took 62.861601ms
[debug]             Load.loadTransitive: finalizeProject(Project(id real-time-twitter-analytics6-build, base: C:\real-time-twitter-analytics6\project, plugins: List(<none>))) took 162.4902ms
[debug] [Loading] Done in C:\real-time-twitter-analytics6\project, returning: (real-time-twitter-analytics6-build)
[debug]           Load.loadUnit: loadedProjectsRaw took 591.7576ms
[debug]           Load.loadUnit: cleanEvalClasses took 7.760801ms
[debug]         Load.loadUnit(file:/C:/real-time-twitter-analytics6/project/, ...) took 687.152801ms
[debug]       Load.apply: load took 801.505299ms
[debug]       Load.apply: resolveProjects took 6.214699ms
[debug]       Load.apply: finalTransforms took 65.3585ms
[debug]       Load.apply: config.delegates took 12.746199ms
[debug]       Load.apply: Def.make(settings)... took 376.533599ms
[debug]       Load.apply: structureIndex took 113.3209ms
[debug]       Load.apply: mkStreams took 2.2407ms
[info] loading project definition from C:\real-time-twitter-analytics6\project
[debug] Running task... Cancel: Signal, check cycles: false, forcegc: true
[debug]     Load.loadUnit: plugins took 2384.3945ms
[debug]     Load.loadUnit: defsScala took 0.0035ms
[debug] [Loading] Scanning directory C:\real-time-twitter-analytics6
[debug]       Load.loadUnit: mkEval took 0.8084ms
[debug] [Loading] Found non-root projects 
[debug] [Loading] Done in C:\real-time-twitter-analytics6, returning: ()
[debug] deducing auto plugins based on known facts Set(Atom(sbt.plugins.CorePlugin)) and clauses Clauses(Clause(Atom(sbt.plugins.JvmPlugin),Set(Atom(sbt.plugins.IvyPlugin)))
[debug] Clause(Atom(sbt.ScriptedPlugin),Set(Atom(sbt.plugins.JvmPlugin)))
[debug] Clause(Atom(sbt.plugins.SbtPlugin),Set(Atom(sbt.ScriptedPlugin)))
[debug] Clause(Atom(sbt.plugins.SemanticdbPlugin),Set(Atom(sbt.plugins.JvmPlugin)))
[debug] Clause(Atom(sbt.plugins.JUnitXmlReportPlugin),Set(Atom(sbt.plugins.JvmPlugin)))
[debug] Clause(Atom(sbt.plugins.MiniDependencyTreePlugin),Set(Atom(sbt.plugins.JvmPlugin)))
[debug] Clause(Atom(org.jetbrains.sbt.StructurePlugin),Set(Atom(sbt.plugins.JvmPlugin)))
[debug] Clause(Atom(org.jetbrains.sbt.IdeaShellPlugin),Set(Atom(sbt.plugins.JvmPlugin)))
[debug] Clause(Atom(sbt.plugins.CorePlugin),Set(Atom(sbt.plugins.IvyPlugin)))
[debug] Clause(Atom(sbt.plugins.IvyPlugin),Set(Atom(sbt.plugins.JvmPlugin)))
[debug] Clause(Atom(sbt.plugins.JvmPlugin),Set(Atom(sbt.plugins.SemanticdbPlugin)))
[debug] Clause(Atom(sbt.plugins.JvmPlugin),Set(Atom(sbt.plugins.JUnitXmlReportPlugin)))
[debug] Clause(Atom(sbt.plugins.CorePlugin),Set(Atom(sbt.plugins.Giter8TemplatePlugin)))
[debug] Clause(Atom(sbt.plugins.JvmPlugin),Set(Atom(sbt.plugins.MiniDependencyTreePlugin)))
[debug] Clause(Atom(sbt.plugins.JvmPlugin),Set(Atom(org.jetbrains.sbt.StructurePlugin)))
[debug] Clause(Atom(sbt.plugins.JvmPlugin),Set(Atom(org.jetbrains.sbt.IdeaShellPlugin))))
[debug]   :: deduced result: Matched(sbt.plugins.CorePlugin,sbt.plugins.Giter8TemplatePlugin,sbt.plugins.IvyPlugin,sbt.plugins.JvmPlugin,sbt.plugins.SemanticdbPlugin,sbt.plugins.JUnitXmlReportPlugin,org.jetbrains.sbt.IdeaShellPlugin,org.jetbrains.sbt.StructurePlugin,sbt.plugins.MiniDependencyTreePlugin)
[debug] Plugins.deducer#function took 3.3422 ms
[info] loading settings for project real-time-twitter-analytics6 from build.sbt ...
[debug]         Load.resolveProject(real-time-twitter-analytics6) took 32.1509ms
[debug]       Load.loadTransitive: finalizeProject(Project(id real-time-twitter-analytics6, base: C:\real-time-twitter-analytics6, plugins: List(<none>))) took 36.1712ms
[debug] [Loading] Done in C:\real-time-twitter-analytics6, returning: (real-time-twitter-analytics6)
[debug]     Load.loadUnit: loadedProjectsRaw took 141.2379ms
[debug]     Load.loadUnit: cleanEvalClasses took 2.8375ms
[debug]   Load.loadUnit(file:/C:/real-time-twitter-analytics6/, ...) took 2529.679701ms
[debug] Load.apply: load took 2636.224901ms
[debug] Load.apply: resolveProjects took 0.1152ms
[debug] Load.apply: finalTransforms took 25.312501ms
[debug] Load.apply: config.delegates took 0.4348ms
[debug] Load.apply: Def.make(settings)... took 116.3221ms
[debug] Load.apply: structureIndex took 33.550499ms
[debug] Load.apply: mkStreams took 0.002799ms
[info] set current project to RealTimeTwitterAnalytics (in build file:/C:/real-time-twitter-analytics6/)
[debug] > Exec(sbtPopOnFailure, None, None)
[debug] > Exec(resumeFromFailure, None, None)
[debug] > Exec(notifyUsersAboutShell, None, None)
[debug] > Exec(iflast shell, None, None)
[debug] > Exec(idea-shell, None, None)
