[debug] > Exec(early(addDefaultCommands), None, None)
[debug] > Exec(addDefaultCommands, None, None)
[debug] > Exec(early(initialize), None, None)
[debug] > Exec(initialize, None, None)
[debug] > Exec(early(addPluginSbtFile="""C:\Users\toqaa\AppData\Local\Temp\idea1.sbt"""), None, None)
[debug] > Exec(addPluginSbtFile="""C:\Users\toqaa\AppData\Local\Temp\idea1.sbt""", None, None)
[debug] > Exec(boot, None, None)
[debug] > Exec(writeSbtVersion, None, None)
[debug] > Exec(reload, None, None)
[debug] > Exec(sbtStashOnFailure, None, None)
[debug] > Exec(onFailure loadFailed, None, None)
[debug] > Exec(loadp, None, None)
[info] welcome to sbt 1.10.1 (Oracle Corporation Java 1.8.0_202)
[debug] Load.defaultLoad until apply took 376.7521ms
[debug]           Load.loadUnit: plugins took 511.9207ms
[debug]           Load.loadUnit: defsScala took 0.7772ms
[debug] [Loading] Scanning directory C:\real-time-twitter-analytics6\project
[debug]             Load.loadUnit: mkEval took 35.6022ms
[debug] [Loading] Found non-root projects 
[debug] [Loading] Done in C:\real-time-twitter-analytics6\project, returning: ()
[debug] deducing auto plugins based on known facts Set(Atom(sbt.plugins.CorePlugin)) and clauses Clauses(Clause(Atom(sbt.plugins.JvmPlugin),Set(Atom(sbt.plugins.IvyPlugin)))
[debug] Clause(Atom(sbt.ScriptedPlugin),Set(Atom(sbt.plugins.JvmPlugin)))
[debug] Clause(Atom(sbt.plugins.SbtPlugin),Set(Atom(sbt.ScriptedPlugin)))
[debug] Clause(Atom(sbt.plugins.SemanticdbPlugin),Set(Atom(sbt.plugins.JvmPlugin)))
[debug] Clause(Atom(sbt.plugins.JUnitXmlReportPlugin),Set(Atom(sbt.plugins.JvmPlugin)))
[debug] Clause(Atom(sbt.plugins.MiniDependencyTreePlugin),Set(Atom(sbt.plugins.JvmPlugin)))
[debug] Clause(Atom(sbt.plugins.CorePlugin),Set(Atom(sbt.plugins.IvyPlugin)))
[debug] Clause(Atom(sbt.plugins.IvyPlugin),Set(Atom(sbt.plugins.JvmPlugin)))
[debug] Clause(Atom(sbt.plugins.JvmPlugin),Set(Atom(sbt.plugins.SemanticdbPlugin)))
[debug] Clause(Atom(sbt.plugins.JvmPlugin),Set(Atom(sbt.plugins.JUnitXmlReportPlugin)))
[debug] Clause(Atom(sbt.plugins.CorePlugin),Set(Atom(sbt.plugins.Giter8TemplatePlugin)))
[debug] Clause(Atom(sbt.plugins.JvmPlugin),Set(Atom(sbt.plugins.MiniDependencyTreePlugin))))
[debug]   :: deduced result: Matched(sbt.plugins.CorePlugin,sbt.plugins.Giter8TemplatePlugin,sbt.plugins.IvyPlugin,sbt.plugins.JvmPlugin,sbt.plugins.MiniDependencyTreePlugin,sbt.plugins.JUnitXmlReportPlugin,sbt.plugins.SemanticdbPlugin)
[debug] Plugins.deducer#function took 132.5144 ms
[info] loading settings for project real-time-twitter-analytics6-build from idea1.sbt ...
[debug]               Load.resolveProject(real-time-twitter-analytics6-build) took 245.0837ms
[debug]             Load.loadTransitive: finalizeProject(Project(id real-time-twitter-analytics6-build, base: C:\real-time-twitter-analytics6\project, plugins: List(<none>))) took 436.3115ms
[debug] [Loading] Done in C:\real-time-twitter-analytics6\project, returning: (real-time-twitter-analytics6-build)
[debug]           Load.loadUnit: loadedProjectsRaw took 1231.9451ms
[debug]           Load.loadUnit: cleanEvalClasses took 17.9196ms
[debug]         Load.loadUnit(file:/C:/real-time-twitter-analytics6/project/, ...) took 1797.1565ms
[debug]       Load.apply: load took 2085.7924ms
[debug]       Load.apply: resolveProjects took 12.7257ms
[debug]       Load.apply: finalTransforms took 142.0092ms
[debug]       Load.apply: config.delegates took 20.302ms
[debug]       Load.apply: Def.make(settings)... took 1048.1358ms
[debug]       Load.apply: structureIndex took 354.3148ms
[debug]       Load.apply: mkStreams took 2.9638ms
[info] loading project definition from C:\real-time-twitter-analytics6\project
[debug] Running task... Cancel: Signal, check cycles: false, forcegc: true
[warn] Canceling execution...
[error] Cancelled: loadp
[error] Cancelled: loadp
[error] Use 'last' for the full log.
[debug] > Exec(loadFailed, None, None)
[warn] Project loading failed: (r)etry, (q)uit, (l)ast, or (i)gnore? (default: r)
