[debug] > Exec(reload, None, None)
[debug] > Exec(sbtStashOnFailure, None, None)
[debug] > Exec(onFailure loadFailed, None, None)
[debug] > Exec(loadp, None, None)
[info] welcome to sbt 1.10.1 (Oracle Corporation Java 1.8.0_202)
[debug] Load.defaultLoad until apply took 2.5716ms
[debug]           Load.loadUnit: plugins took 22.4036ms
[debug]           Load.loadUnit: defsScala took 0.0039ms
[debug] [Loading] Scanning directory C:\real-time-twitter-analytics6\project
[debug]             Load.loadUnit: mkEval took 0.4138ms
[debug] [Loading] Found non-root projects 
[debug] [Loading] Done in C:\real-time-twitter-analytics6\project, returning: ()
[debug] deducing auto plugins based on known facts Set(Atom(sbt.plugins.CorePlugin)) and clauses Clauses(Clause(Atom(sbt.plugins.JvmPlugin),Set(Atom(sbt.plugins.IvyPlugin)))
[debug] Clause(Atom(sbt.ScriptedPlugin),Set(Atom(sbt.plugins.JvmPlugin)))
[debug] Clause(Atom(sbt.plugins.SbtPlugin),Set(Atom(sbt.ScriptedPlugin)))
[debug] Clause(Atom(sbt.plugins.SemanticdbPlugin),Set(Atom(sbt.plugins.JvmPlugin)))
[debug] Clause(Atom(sbt.plugins.JUnitXmlReportPlugin),Set(Atom(sbt.plugins.JvmPlugin)))
[debug] Clause(Atom(sbt.plugins.MiniDependencyTreePlugin),Set(Atom(sbt.plugins.JvmPlugin)))
[debug] Clause(Atom(sbt.plugins.CorePlugin),Set(Atom(sbt.plugins.IvyPlugin)))
[debug] Clause(Atom(sbt.plugins.IvyPlugin),Set(Atom(sbt.plugins.JvmPlugin)))
[debug] Clause(Atom(sbt.plugins.JvmPlugin),Set(Atom(sbt.plugins.SemanticdbPlugin)))
[debug] Clause(Atom(sbt.plugins.JvmPlugin),Set(Atom(sbt.plugins.JUnitXmlReportPlugin)))
[debug] Clause(Atom(sbt.plugins.CorePlugin),Set(Atom(sbt.plugins.Giter8TemplatePlugin)))
[debug] Clause(Atom(sbt.plugins.JvmPlugin),Set(Atom(sbt.plugins.MiniDependencyTreePlugin))))
[debug]   :: deduced result: Matched(sbt.plugins.CorePlugin,sbt.plugins.Giter8TemplatePlugin,sbt.plugins.IvyPlugin,sbt.plugins.JvmPlugin,sbt.plugins.MiniDependencyTreePlugin,sbt.plugins.JUnitXmlReportPlugin,sbt.plugins.SemanticdbPlugin)
[debug] Plugins.deducer#function took 0.9953 ms
[info] loading settings for project real-time-twitter-analytics6-build from idea.sbt ...
[debug]               Load.resolveProject(real-time-twitter-analytics6-build) took 2.0464ms
[debug]             Load.loadTransitive: finalizeProject(Project(id real-time-twitter-analytics6-build, base: C:\real-time-twitter-analytics6\project, plugins: List(<none>))) took 3.5165ms
[debug] [Loading] Done in C:\real-time-twitter-analytics6\project, returning: (real-time-twitter-analytics6-build)
[debug]           Load.loadUnit: loadedProjectsRaw took 25.4588ms
[debug]           Load.loadUnit: cleanEvalClasses took 2.2779ms
[debug]         Load.loadUnit(file:/C:/real-time-twitter-analytics6/project/, ...) took 50.9051ms
[debug]       Load.apply: load took 52.6431ms
[debug]       Load.apply: resolveProjects took 0.1274ms
[debug]       Load.apply: finalTransforms took 10.6492ms
[debug]       Load.apply: config.delegates took 0.4501ms
[debug]       Load.apply: Def.make(settings)... took 80.2729ms
[debug]       Load.apply: structureIndex took 16.0959ms
[debug]       Load.apply: mkStreams took 0.0027ms
[info] loading project definition from C:\real-time-twitter-analytics6\project
[debug] Running task... Cancel: Signal, check cycles: false, forcegc: true
[debug]     Load.loadUnit: plugins took 305.7643ms
[debug]     Load.loadUnit: defsScala took 0.0031ms
[debug] [Loading] Scanning directory C:\real-time-twitter-analytics6
[debug]       Load.loadUnit: mkEval took 0.4026ms
[debug] [Loading] Found non-root projects 
[debug] [Loading] Done in C:\real-time-twitter-analytics6, returning: ()
[debug] deducing auto plugins based on known facts Set(Atom(sbt.plugins.CorePlugin)) and clauses Clauses(Clause(Atom(sbt.plugins.JvmPlugin),Set(Atom(sbt.plugins.IvyPlugin)))
[debug] Clause(Atom(sbt.ScriptedPlugin),Set(Atom(sbt.plugins.JvmPlugin)))
[debug] Clause(Atom(sbt.plugins.SbtPlugin),Set(Atom(sbt.ScriptedPlugin)))
[debug] Clause(Atom(sbt.plugins.SemanticdbPlugin),Set(Atom(sbt.plugins.JvmPlugin)))
[debug] Clause(Atom(sbt.plugins.JUnitXmlReportPlugin),Set(Atom(sbt.plugins.JvmPlugin)))
[debug] Clause(Atom(sbt.plugins.MiniDependencyTreePlugin),Set(Atom(sbt.plugins.JvmPlugin)))
[debug] Clause(Atom(org.jetbrains.sbt.StructurePlugin),Set(Atom(sbt.plugins.JvmPlugin)))
[debug] Clause(Atom(org.jetbrains.sbt.IdeaShellPlugin),Set(Atom(sbt.plugins.JvmPlugin)))
[debug] Clause(Atom(sbt.plugins.CorePlugin),Set(Atom(sbt.plugins.IvyPlugin)))
[debug] Clause(Atom(sbt.plugins.IvyPlugin),Set(Atom(sbt.plugins.JvmPlugin)))
[debug] Clause(Atom(sbt.plugins.JvmPlugin),Set(Atom(sbt.plugins.SemanticdbPlugin)))
[debug] Clause(Atom(sbt.plugins.JvmPlugin),Set(Atom(sbt.plugins.JUnitXmlReportPlugin)))
[debug] Clause(Atom(sbt.plugins.CorePlugin),Set(Atom(sbt.plugins.Giter8TemplatePlugin)))
[debug] Clause(Atom(sbt.plugins.JvmPlugin),Set(Atom(sbt.plugins.MiniDependencyTreePlugin)))
[debug] Clause(Atom(sbt.plugins.JvmPlugin),Set(Atom(org.jetbrains.sbt.StructurePlugin)))
[debug] Clause(Atom(sbt.plugins.JvmPlugin),Set(Atom(org.jetbrains.sbt.IdeaShellPlugin))))
[debug]   :: deduced result: Matched(sbt.plugins.CorePlugin,sbt.plugins.Giter8TemplatePlugin,sbt.plugins.IvyPlugin,sbt.plugins.JvmPlugin,sbt.plugins.SemanticdbPlugin,sbt.plugins.JUnitXmlReportPlugin,org.jetbrains.sbt.IdeaShellPlugin,org.jetbrains.sbt.StructurePlugin,sbt.plugins.MiniDependencyTreePlugin)
[debug] Plugins.deducer#function took 1.7271 ms
[info] loading settings for project real-time-twitter-analytics6 from build.sbt ...
[debug]         Load.resolveProject(real-time-twitter-analytics6) took 25.3109ms
[debug]       Load.loadTransitive: finalizeProject(Project(id real-time-twitter-analytics6, base: C:\real-time-twitter-analytics6, plugins: List(<none>))) took 27.5392ms
[debug] [Loading] Done in C:\real-time-twitter-analytics6, returning: (real-time-twitter-analytics6)
[debug]     Load.loadUnit: loadedProjectsRaw took 91.6288ms
[debug]     Load.loadUnit: cleanEvalClasses took 4.4393ms
[debug]   Load.loadUnit(file:/C:/real-time-twitter-analytics6/, ...) took 402.4977ms
[debug] Load.apply: load took 404.2409ms
[debug] Load.apply: resolveProjects took 0.1256ms
[debug] Load.apply: finalTransforms took 53.6175ms
[debug] Load.apply: config.delegates took 0.2586ms
[debug] Load.apply: Def.make(settings)... took 99.5426ms
[debug] Load.apply: structureIndex took 15.035ms
[debug] Load.apply: mkStreams took 0.0041ms
[info] set current project to RealTimeTwitterAnalytics (in build file:/C:/real-time-twitter-analytics6/)
[debug] > Exec(sbtPopOnFailure, None, None)
[debug] > Exec(resumeFromFailure, None, None)
[debug] > Exec(idea-shell, None, None)
