[debug] > Exec(reload, None, None)
[debug] > Exec(sbtStashOnFailure, None, None)
[debug] > Exec(onFailure loadFailed, None, None)
[debug] > Exec(loadp, None, None)
[info] welcome to sbt 1.10.1 (Oracle Corporation Java 23.0.1)
[debug] Load.defaultLoad until apply took 6.1394ms
[debug]           Load.loadUnit: plugins took 52.4867ms
[debug]           Load.loadUnit: defsScala took 0.0226ms
[debug] [Loading] Scanning directory C:\Users\HP\Desktop\big\real-time-twitter-analytics\project
[debug]             Load.loadUnit: mkEval took 0.503ms
[debug] [Loading] Found non-root projects 
[debug] [Loading] Done in C:\Users\HP\Desktop\big\real-time-twitter-analytics\project, returning: ()
[debug] deducing auto plugins based on known facts Set(Atom(sbt.plugins.CorePlugin)) and clauses Clauses(Clause(Atom(sbt.plugins.JvmPlugin),Set(Atom(sbt.plugins.IvyPlugin)))
[debug] Clause(Atom(sbt.ScriptedPlugin),Set(Atom(sbt.plugins.JvmPlugin)))
[debug] Clause(Atom(sbt.plugins.SbtPlugin),Set(Atom(sbt.ScriptedPlugin)))
[debug] Clause(Atom(sbt.plugins.SemanticdbPlugin),Set(Atom(sbt.plugins.JvmPlugin)))
[debug] Clause(Atom(sbt.plugins.JUnitXmlReportPlugin),Set(Atom(sbt.plugins.JvmPlugin)))
[debug] Clause(Atom(sbt.plugins.MiniDependencyTreePlugin),Set(Atom(sbt.plugins.JvmPlugin)))
[debug] Clause(Atom(sbt.plugins.CorePlugin),Set(Atom(sbt.plugins.IvyPlugin)))
[debug] Clause(Atom(sbt.plugins.IvyPlugin),Set(Atom(sbt.plugins.JvmPlugin)))
[debug] Clause(Atom(sbt.plugins.JvmPlugin),Set(Atom(sbt.plugins.SemanticdbPlugin)))
[debug] Clause(Atom(sbt.plugins.JvmPlugin),Set(Atom(sbt.plugins.JUnitXmlReportPlugin)))
[debug] Clause(Atom(sbt.plugins.CorePlugin),Set(Atom(sbt.plugins.Giter8TemplatePlugin)))
[debug] Clause(Atom(sbt.plugins.JvmPlugin),Set(Atom(sbt.plugins.MiniDependencyTreePlugin))))
[debug]   :: deduced result: Matched(sbt.plugins.CorePlugin,sbt.plugins.Giter8TemplatePlugin,sbt.plugins.IvyPlugin,sbt.plugins.JvmPlugin,sbt.plugins.MiniDependencyTreePlugin,sbt.plugins.JUnitXmlReportPlugin,sbt.plugins.SemanticdbPlugin)
[debug] Plugins.deducer#function took 2.1147 ms
[info] loading settings for project real-time-twitter-analytics-build from idea.sbt ...
[debug]               Load.resolveProject(real-time-twitter-analytics-build) took 12.3818ms
[debug]             Load.loadTransitive: finalizeProject(Project(id real-time-twitter-analytics-build, base: C:\Users\HP\Desktop\big\real-time-twitter-analytics\project, plugins: List(<none>))) took 15.1094ms
[debug] [Loading] Done in C:\Users\HP\Desktop\big\real-time-twitter-analytics\project, returning: (real-time-twitter-analytics-build)
[debug]           Load.loadUnit: loadedProjectsRaw took 80.4044ms
[debug]           Load.loadUnit: cleanEvalClasses took 6.3965ms
[debug]         Load.loadUnit(file:/C:/Users/HP/Desktop/big/real-time-twitter-analytics/project/, ...) took 140.9135ms
[debug]       Load.apply: load took 143.3219ms
[debug]       Load.apply: resolveProjects took 0.328ms
[debug]       Load.apply: finalTransforms took 13.9699ms
[debug]       Load.apply: config.delegates took 0.5471ms
[debug]       Load.apply: Def.make(settings)... took 192.3025ms
[debug]       Load.apply: structureIndex took 18.4829ms
[debug]       Load.apply: mkStreams took 0.0069ms
[info] loading project definition from C:\Users\HP\Desktop\big\real-time-twitter-analytics\project
[debug] Running task... Cancel: Signal, check cycles: false, forcegc: true
[debug]     Load.loadUnit: plugins took 638.1042ms
[debug]     Load.loadUnit: defsScala took 0.0043ms
[debug] [Loading] Scanning directory C:\Users\HP\Desktop\big\real-time-twitter-analytics
[debug]       Load.loadUnit: mkEval took 0.3814ms
[debug] [Loading] Found non-root projects 
[debug] [Loading] Done in C:\Users\HP\Desktop\big\real-time-twitter-analytics, returning: ()
[debug] deducing auto plugins based on known facts Set(Atom(sbt.plugins.CorePlugin)) and clauses Clauses(Clause(Atom(sbt.plugins.JvmPlugin),Set(Atom(sbt.plugins.IvyPlugin)))
[debug] Clause(Atom(sbt.ScriptedPlugin),Set(Atom(sbt.plugins.JvmPlugin)))
[debug] Clause(Atom(sbt.plugins.SbtPlugin),Set(Atom(sbt.ScriptedPlugin)))
[debug] Clause(Atom(sbt.plugins.SemanticdbPlugin),Set(Atom(sbt.plugins.JvmPlugin)))
[debug] Clause(Atom(sbt.plugins.JUnitXmlReportPlugin),Set(Atom(sbt.plugins.JvmPlugin)))
[debug] Clause(Atom(sbt.plugins.MiniDependencyTreePlugin),Set(Atom(sbt.plugins.JvmPlugin)))
[debug] Clause(Atom(org.jetbrains.sbt.StructurePlugin),Set(Atom(sbt.plugins.JvmPlugin)))
[debug] Clause(Atom(org.jetbrains.sbt.IdeaShellPlugin),Set(Atom(sbt.plugins.JvmPlugin)))
[debug] Clause(Atom(sbt.plugins.CorePlugin),Set(Atom(sbt.plugins.IvyPlugin)))
[debug] Clause(Atom(sbt.plugins.IvyPlugin),Set(Atom(sbt.plugins.JvmPlugin)))
[debug] Clause(Atom(sbt.plugins.JvmPlugin),Set(Atom(sbt.plugins.SemanticdbPlugin)))
[debug] Clause(Atom(sbt.plugins.JvmPlugin),Set(Atom(sbt.plugins.JUnitXmlReportPlugin)))
[debug] Clause(Atom(sbt.plugins.CorePlugin),Set(Atom(sbt.plugins.Giter8TemplatePlugin)))
[debug] Clause(Atom(sbt.plugins.JvmPlugin),Set(Atom(sbt.plugins.MiniDependencyTreePlugin)))
[debug] Clause(Atom(sbt.plugins.JvmPlugin),Set(Atom(org.jetbrains.sbt.StructurePlugin)))
[debug] Clause(Atom(sbt.plugins.JvmPlugin),Set(Atom(org.jetbrains.sbt.IdeaShellPlugin))))
[debug]   :: deduced result: Matched(sbt.plugins.CorePlugin,sbt.plugins.Giter8TemplatePlugin,sbt.plugins.IvyPlugin,sbt.plugins.JvmPlugin,sbt.plugins.SemanticdbPlugin,sbt.plugins.JUnitXmlReportPlugin,org.jetbrains.sbt.IdeaShellPlugin,org.jetbrains.sbt.StructurePlugin,sbt.plugins.MiniDependencyTreePlugin)
[debug] Plugins.deducer#function took 1.3774 ms
[info] loading settings for project real-time-twitter-analytics from build.sbt ...
[debug]         Load.resolveProject(real-time-twitter-analytics) took 48.7905ms
[debug]       Load.loadTransitive: finalizeProject(Project(id real-time-twitter-analytics, base: C:\Users\HP\Desktop\big\real-time-twitter-analytics, plugins: List(<none>))) took 50.6428ms
[debug] [Loading] Done in C:\Users\HP\Desktop\big\real-time-twitter-analytics, returning: (real-time-twitter-analytics)
[debug]     Load.loadUnit: loadedProjectsRaw took 1324.9805ms
[debug]     Load.loadUnit: cleanEvalClasses took 28.2323ms
[debug]   Load.loadUnit(file:/C:/Users/HP/Desktop/big/real-time-twitter-analytics/, ...) took 1992.5131ms
[debug] Load.apply: load took 1995.0736ms
[debug] Load.apply: resolveProjects took 0.1406ms
[debug] Load.apply: finalTransforms took 31.3301ms
[debug] Load.apply: config.delegates took 0.3836ms
[debug] Load.apply: Def.make(settings)... took 93.2948ms
[debug] Load.apply: structureIndex took 15.0043ms
[debug] Load.apply: mkStreams took 0.003ms
[info] set current project to RealTimeTwitterAnalytics (in build file:/C:/Users/HP/Desktop/big/real-time-twitter-analytics/)
[debug] > Exec(sbtPopOnFailure, None, None)
[debug] > Exec(resumeFromFailure, None, None)
[debug] > Exec(idea-shell, None, None)
